<?xml version="1.0" encoding="UTF-8"?>
<testng-results ignored="0" total="1" passed="0" failed="1" skipped="0">
  <reporter-output>
  </reporter-output>
  <suite started-at="2026-03-27T19:01:12 IST" name="Suite" finished-at="2026-03-27T19:01:36 IST" duration-ms="24602">
    <groups>
    </groups>
    <test started-at="2026-03-27T19:01:12 IST" name="test4" finished-at="2026-03-27T19:01:12 IST" duration-ms="12">
    </test> <!-- test4 -->
    <test started-at="2026-03-27T19:01:12 IST" name="test3" finished-at="2026-03-27T19:01:12 IST" duration-ms="14">
    </test> <!-- test3 -->
    <test started-at="2026-03-27T19:01:12 IST" name="test1" finished-at="2026-03-27T19:01:12 IST" duration-ms="11">
      <class name="NewDesign_Hotels_Flights.TCND_1_verifyHotelsSearch1">
        <test-method is-config="true" signature="afterSuite()[pri:0, instance:NewDesign_Hotels_Flights.TCND_1_verifyHotelsSearch1@7530ad9c]" started-at="2026-03-27T19:01:36 IST" name="afterSuite" finished-at="2026-03-27T19:01:36 IST" duration-ms="21" status="FAIL">
          <exception class="java.lang.StackOverflowError">
            <full-stacktrace>
              <![CDATA[java.lang.StackOverflowError
at com.tripgain.common.ExtantManager.getReportFilePath(ExtantManager.java:81)
at com.tripgain.common.ExtantManager.getReportFilePath(ExtantManager.java:81)
at com.tripgain.common.ExtantManager.getReportFilePath(ExtantManager.java:81)
at com.tripgain.common.ExtantManager.getReportFilePath(ExtantManager.java:81)
at com.tripgain.common.ExtantManager.getReportFilePath(ExtantManager.java:81)
at com.tripgain.common.ExtantManager.getReportFilePath(ExtantManager.java:81)
at com.tripgain.common.ExtantManager.getReportFilePath(ExtantManager.java:81)
at com.tripgain.common.ExtantManager.getReportFilePath(ExtantManager.java:81)
at com.tripgain.common.ExtantManager.getReportFilePath(ExtantManager.java:81)
at com.tripgain.common.ExtantManager.getReportFilePath(ExtantManager.java:81)
at com.tripgain.common.ExtantManager.getReportFilePath(ExtantManager.java:81)
at com.tripgain.common.ExtantManager.getReportFilePath(ExtantManager.java:81)
at com.tripgain.common.ExtantManager.getReportFilePath(ExtantManager.java:81)
at com.tripgain.common.ExtantManager.getReportFilePath(ExtantManager.java:81)
at com.tripgain.common.ExtantManager.getReportFilePath(ExtantManager.java:81)
at com.tripgain.common.ExtantManager.getReportFilePath(ExtantManager.java:81)
at com.tripgain.common.ExtantManager.getReportFilePath(ExtantManager.java:81)
at com.tripgain.common.ExtantManager.getReportFilePath(ExtantManager.java:81)
at com.tripgain.common.ExtantManager.getReportFilePath(ExtantManager.java:81)
at com.tripgain.common.ExtantManager.getReportFilePath(ExtantManager.java:81)
at com.tripgain.common.ExtantManager.getReportFilePath(ExtantManager.java:81)
at com.tripgain.common.ExtantManager.getReportFilePath(ExtantManager.java:81)
at com.tripgain.common.ExtantManager.getReportFilePath(ExtantManager.java:81)
at com.tripgain.common.ExtantManager.getReportFilePath(ExtantManager.java:81)
at com.tripgain.common.ExtantManager.getReportFilePath(ExtantManager.java:81)
at com.tripgain.common.ExtantManager.getReportFilePath(ExtantManager.java:81)
at com.tripgain.common.ExtantManager.getReportFilePath(ExtantManager.java:81)
at com.tripgain.common.ExtantManager.getReportFilePath(ExtantManager.java:81)
at com.tripgain.common.ExtantManager.getReportFilePath(ExtantManager.java:81)
at com.tripgain.common.ExtantManager.getReportFilePath(ExtantManager.java:81)
at com.tripgain.common.ExtantManager.getReportFilePath(ExtantManager.java:81)
at com.tripgain.common.ExtantManager.getReportFilePath(ExtantManager.java:81)
at com.tripgain.common.ExtantManager.getReportFilePath(ExtantManager.java:81)
at com.tripgain.common.ExtantManager.getReportFilePath(ExtantManager.java:81)
at com.tripgain.common.ExtantManager.getReportFilePath(ExtantManager.java:81)
at com.tripgain.common.ExtantManager.getReportFilePath(ExtantManager.java:81)
at com.tripgain.common.ExtantManager.getReportFilePath(ExtantManager.java:81)
at com.tripgain.common.ExtantManager.getReportFilePath(ExtantManager.java:81)
at com.tripgain.common.ExtantManager.getReportFilePath(ExtantManager.java:81)
at com.tripgain.common.ExtantManager.getReportFilePath(ExtantManager.java:81)
at com.tripgain.common.ExtantManager.getReportFilePath(ExtantManager.java:81)
at com.tripgain.common.ExtantManager.getReportFilePath(ExtantManager.java:81)
at com.tripgain.common.ExtantManager.getReportFilePath(ExtantManager.java:81)
at com.tripgain.common.ExtantManager.getReportFilePath(ExtantManager.java:81)
at com.tripgain.common.ExtantManager.getReportFilePath(ExtantManager.java:81)
at com.tripgain.common.ExtantManager.getReportFilePath(ExtantManager.java:81)
at com.tripgain.common.ExtantManager.getReportFilePath(ExtantManager.java:81)
at com.tripgain.common.ExtantManager.getReportFilePath(ExtantManager.java:81)
at com.tripgain.common.ExtantManager.getReportFilePath(ExtantManager.java:81)
at com.tripgain.common.ExtantManager.getReportFilePath(ExtantManager.java:81)
at com.tripgain.common.ExtantManager.getReportFilePath(ExtantManager.java:81)
at com.tripgain.common.ExtantManager.getReportFilePath(ExtantManager.java:81)
at com.tripgain.common.ExtantManager.getReportFilePath(ExtantManager.java:81)
at com.tripgain.common.ExtantManager.getReportFilePath(ExtantManager.java:81)
at com.tripgain.common.ExtantManager.getReportFilePath(ExtantManager.java:81)
at com.tripgain.common.ExtantManager.getReportFilePath(ExtantManager.java:81)
at com.tripgain.common.ExtantManager.getReportFilePath(ExtantManager.java:81)
at com.tripgain.common.ExtantManager.getReportFilePath(ExtantManager.java:81)
at com.tripgain.common.ExtantManager.getReportFilePath(ExtantManager.java:81)
at com.tripgain.common.ExtantManager.getReportFilePath(ExtantManager.java:81)
at com.tripgain.common.ExtantManager.getReportFilePath(ExtantManager.java:81)
at com.tripgain.common.ExtantManager.getReportFilePath(ExtantManager.java:81)
at com.tripgain.common.ExtantManager.getReportFilePath(ExtantManager.java:81)
at com.tripgain.common.ExtantManager.getReportFilePath(ExtantManager.java:81)
at com.tripgain.common.ExtantManager.getReportFilePath(ExtantManager.java:81)
at com.tripgain.common.ExtantManager.getReportFilePath(ExtantManager.java:81)
at com.tripgain.common.ExtantManager.getReportFilePath(ExtantManager.java:81)
at com.tripgain.common.ExtantManager.getReportFilePath(ExtantManager.java:81)
at com.tripgain.common.ExtantManager.getReportFilePath(ExtantManager.java:81)
at com.tripgain.common.ExtantManager.getReportFilePath(ExtantManager.java:81)
at com.tripgain.common.ExtantManager.getReportFilePath(ExtantManager.java:81)
at com.tripgain.common.ExtantManager.getReportFilePath(ExtantManager.java:81)
at com.tripgain.common.ExtantManager.getReportFilePath(ExtantManager.java:81)
at com.tripgain.common.ExtantManager.getReportFilePath(ExtantManager.java:81)
at com.tripgain.common.ExtantManager.getReportFilePath(ExtantManager.java:81)
at com.tripgain.common.ExtantManager.getReportFilePath(ExtantManager.java:81)
at com.tripgain.common.ExtantManager.getReportFilePath(ExtantManager.java:81)
at com.tripgain.common.ExtantManager.getReportFilePath(ExtantManager.java:81)
at com.tripgain.common.ExtantManager.getReportFilePath(ExtantManager.java:81)
at com.tripgain.common.ExtantManager.getReportFilePath(ExtantManager.java:81)
at com.tripgain.common.ExtantManager.getReportFilePath(ExtantManager.java:81)
at com.tripgain.common.ExtantManager.getReportFilePath(ExtantManager.java:81)
at com.tripgain.common.ExtantManager.getReportFilePath(ExtantManager.java:81)
at com.tripgain.common.ExtantManager.getReportFilePath(ExtantManager.java:81)
at com.tripgain.common.ExtantManager.getReportFilePath(ExtantManager.java:81)
at com.tripgain.common.ExtantManager.getReportFilePath(ExtantManager.java:81)
at com.tripgain.common.ExtantManager.getReportFilePath(ExtantManager.java:81)
at com.tripgain.common.ExtantManager.getReportFilePath(ExtantManager.java:81)
at com.tripgain.common.ExtantManager.getReportFilePath(ExtantManager.java:81)
at com.tripgain.common.ExtantManager.getReportFilePath(ExtantManager.java:81)
at com.tripgain.common.ExtantManager.getReportFilePath(ExtantManager.java:81)
at com.tripgain.common.ExtantManager.getReportFilePath(ExtantManager.java:81)
at com.tripgain.common.ExtantManager.getReportFilePath(ExtantManager.java:81)
at com.tripgain.common.ExtantManager.getReportFilePath(ExtantManager.java:81)
at com.tripgain.common.ExtantManager.getReportFilePath(ExtantManager.java:81)
at com.tripgain.common.ExtantManager.getReportFilePath(ExtantManager.java:81)
at com.tripgain.common.ExtantManager.getReportFilePath(ExtantManager.java:81)
at com.tripgain.common.ExtantManager.getReportFilePath(ExtantManager.java:81)
at com.tripgain.common.ExtantManager.getReportFilePath(ExtantManager.java:81)
at com.tripgain.common.ExtantManager.getReportFilePath(ExtantManager.java:81)
at com.tripgain.common.ExtantManager.getReportFilePath(ExtantManager.java:81)
at com.tripgain.common.ExtantManager.getReportFilePath(ExtantManager.java:81)
at com.tripgain.common.ExtantManager.getReportFilePath(ExtantManager.java:81)
at com.tripgain.common.ExtantManager.getReportFilePath(ExtantManager.java:81)
at com.tripgain.common.ExtantManager.getReportFilePath(ExtantManager.java:81)
at com.tripgain.common.ExtantManager.getReportFilePath(ExtantManager.java:81)
at com.tripgain.common.ExtantManager.getReportFilePath(ExtantManager.java:81)
at com.tripgain.common.ExtantManager.getReportFilePath(ExtantManager.java:81)
at com.tripgain.common.ExtantManager.getReportFilePath(ExtantManager.java:81)
at com.tripgain.common.ExtantManager.getReportFilePath(ExtantManager.java:81)
at com.tripgain.common.ExtantManager.getReportFilePath(ExtantManager.java:81)
at com.tripgain.common.ExtantManager.getReportFilePath(ExtantManager.java:81)
at com.tripgain.common.ExtantManager.getReportFilePath(ExtantManager.java:81)
at com.tripgain.common.ExtantManager.getReportFilePath(ExtantManager.java:81)
at com.tripgain.common.ExtantManager.getReportFilePath(ExtantManager.java:81)
at com.tripgain.common.ExtantManager.getReportFilePath(ExtantManager.java:81)
at com.tripgain.common.ExtantManager.getReportFilePath(ExtantManager.java:81)
at com.tripgain.common.ExtantManager.getReportFilePath(ExtantManager.java:81)
at com.tripgain.common.ExtantManager.getReportFilePath(ExtantManager.java:81)
at com.tripgain.common.ExtantManager.getReportFilePath(ExtantManager.java:81)
at com.tripgain.common.ExtantManager.getReportFilePath(ExtantManager.java:81)
at com.tripgain.common.ExtantManager.getReportFilePath(ExtantManager.java:81)
at com.tripgain.common.ExtantManager.getReportFilePath(ExtantManager.java:81)
at com.tripgain.common.ExtantManager.getReportFilePath(ExtantManager.java:81)
at com.tripgain.common.ExtantManager.getReportFilePath(ExtantManager.java:81)
at com.tripgain.common.ExtantManager.getReportFilePath(ExtantManager.java:81)
at com.tripgain.common.ExtantManager.getReportFilePath(ExtantManager.java:81)
at com.tripgain.common.ExtantManager.getReportFilePath(ExtantManager.java:81)
at com.tripgain.common.ExtantManager.getReportFilePath(ExtantManager.java:81)
at com.tripgain.common.ExtantManager.getReportFilePath(ExtantManager.java:81)
at com.tripgain.common.ExtantManager.getReportFilePath(ExtantManager.java:81)
at com.tripgain.common.ExtantManager.getReportFilePath(ExtantManager.java:81)
at com.tripgain.common.ExtantManager.getReportFilePath(ExtantManager.java:81)
at com.tripgain.common.ExtantManager.getReportFilePath(ExtantManager.java:81)
at com.tripgain.common.ExtantManager.getReportFilePath(ExtantManager.java:81)
at com.tripgain.common.ExtantManager.getReportFilePath(ExtantManager.java:81)
at com.tripgain.common.ExtantManager.getReportFilePath(ExtantManager.java:81)
at com.tripgain.common.ExtantManager.getReportFilePath(ExtantManager.java:81)
at com.tripgain.common.ExtantManager.getReportFilePath(ExtantManager.java:81)
at com.tripgain.common.ExtantManager.getReportFilePath(ExtantManager.java:81)
at com.tripgain.common.ExtantManager.getReportFilePath(ExtantManager.java:81)
at com.tripgain.common.ExtantManager.getReportFilePath(ExtantManager.java:81)
at com.tripgain.common.ExtantManager.getReportFilePath(ExtantManager.java:81)
at com.tripgain.common.ExtantManager.getReportFilePath(ExtantManager.java:81)
at com.tripgain.common.ExtantManager.getReportFilePath(ExtantManager.java:81)
at com.tripgain.common.ExtantManager.getReportFilePath(ExtantManager.java:81)
at com.tripgain.common.ExtantManager.getReportFilePath(ExtantManager.java:81)
at com.tripgain.common.ExtantManager.getReportFilePath(ExtantManager.java:81)
at com.tripgain.common.ExtantManager.getReportFilePath(ExtantManager.java:81)
at com.tripgain.common.ExtantManager.getReportFilePath(ExtantManager.java:81)
at com.tripgain.common.ExtantManager.getReportFilePath(ExtantManager.java:81)
at com.tripgain.common.ExtantManager.getReportFilePath(ExtantManager.java:81)
at com.tripgain.common.ExtantManager.getReportFilePath(ExtantManager.java:81)
at com.tripgain.common.ExtantManager.getReportFilePath(ExtantManager.java:81)
at com.tripgain.common.ExtantManager.getReportFilePath(ExtantManager.java:81)
at com.tripgain.common.ExtantManager.getReportFilePath(ExtantManager.java:81)
at com.tripgain.common.ExtantManager.getReportFilePath(ExtantManager.java:81)
at com.tripgain.common.ExtantManager.getReportFilePath(ExtantManager.java:81)
at com.tripgain.common.ExtantManager.getReportFilePath(ExtantManager.java:81)
at com.tripgain.common.ExtantManager.getReportFilePath(ExtantManager.java:81)
at com.tripgain.common.ExtantManager.getReportFilePath(ExtantManager.java:81)
at com.tripgain.common.ExtantManager.getReportFilePath(ExtantManager.java:81)
at com.tripgain.common.ExtantManager.getReportFilePath(ExtantManager.java:81)
at com.tripgain.common.ExtantManager.getReportFilePath(ExtantManager.java:81)
at com.tripgain.common.ExtantManager.getReportFilePath(ExtantManager.java:81)
at com.tripgain.common.ExtantManager.getReportFilePath(ExtantManager.java:81)
at com.tripgain.common.ExtantManager.getReportFilePath(ExtantManager.java:81)
at com.tripgain.common.ExtantManager.getReportFilePath(ExtantManager.java:81)
at com.tripgain.common.ExtantManager.getReportFilePath(ExtantManager.java:81)
at com.tripgain.common.ExtantManager.getReportFilePath(ExtantManager.java:81)
at com.tripgain.common.ExtantManager.getReportFilePath(ExtantManager.java:81)
at com.tripgain.common.ExtantManager.getReportFilePath(ExtantManager.java:81)
at com.tripgain.common.ExtantManager.getReportFilePath(ExtantManager.java:81)
at com.tripgain.common.ExtantManager.getReportFilePath(ExtantManager.java:81)
at com.tripgain.common.ExtantManager.getReportFilePath(ExtantManager.java:81)
at com.tripgain.common.ExtantManager.getReportFilePath(ExtantManager.java:81)
at com.tripgain.common.ExtantManager.getReportFilePath(ExtantManager.java:81)
at com.tripgain.common.ExtantManager.getReportFilePath(ExtantManager.java:81)
at com.tripgain.common.ExtantManager.getReportFilePath(ExtantManager.java:81)
at com.tripgain.common.ExtantManager.getReportFilePath(ExtantManager.java:81)
at com.tripgain.common.ExtantManager.getReportFilePath(ExtantManager.java:81)
at com.tripgain.common.ExtantManager.getReportFilePath(ExtantManager.java:81)
at com.tripgain.common.ExtantManager.getReportFilePath(ExtantManager.java:81)
at com.tripgain.common.ExtantManager.getReportFilePath(ExtantManager.java:81)
at com.tripgain.common.ExtantManager.getReportFilePath(ExtantManager.java:81)
at com.tripgain.common.ExtantManager.getReportFilePath(ExtantManager.java:81)
at com.tripgain.common.ExtantManager.getReportFilePath(ExtantManager.java:81)
at com.tripgain.common.ExtantManager.getReportFilePath(ExtantManager.java:81)
at com.tripgain.common.ExtantManager.getReportFilePath(ExtantManager.java:81)
at com.tripgain.common.ExtantManager.getReportFilePath(ExtantManager.java:81)
at com.tripgain.common.ExtantManager.getReportFilePath(ExtantManager.java:81)
at com.tripgain.common.ExtantManager.getReportFilePath(ExtantManager.java:81)
at com.tripgain.common.ExtantManager.getReportFilePath(ExtantManager.java:81)
at com.tripgain.common.ExtantManager.getReportFilePath(ExtantManager.java:81)
at com.tripgain.common.ExtantManager.getReportFilePath(ExtantManager.java:81)
at com.tripgain.common.ExtantManager.getReportFilePath(ExtantManager.java:81)
at com.tripgain.common.ExtantManager.getReportFilePath(ExtantManager.java:81)
at com.tripgain.common.ExtantManager.getReportFilePath(ExtantManager.java:81)
at com.tripgain.common.ExtantManager.getReportFilePath(ExtantManager.java:81)
at com.tripgain.common.ExtantManager.getReportFilePath(ExtantManager.java:81)
at com.tripgain.common.ExtantManager.getReportFilePath(ExtantManager.java:81)
at com.tripgain.common.ExtantManager.getReportFilePath(ExtantManager.java:81)
at com.tripgain.common.ExtantManager.getReportFilePath(ExtantManager.java:81)
at com.tripgain.common.ExtantManager.getReportFilePath(ExtantManager.java:81)
at com.tripgain.common.ExtantManager.getReportFilePath(ExtantManager.java:81)
at com.tripgain.common.ExtantManager.getReportFilePath(ExtantManager.java:81)
at com.tripgain.common.ExtantManager.getReportFilePath(ExtantManager.java:81)
at com.tripgain.common.ExtantManager.getReportFilePath(ExtantManager.java:81)
at com.tripgain.common.ExtantManager.getReportFilePath(ExtantManager.java:81)
at com.tripgain.common.ExtantManager.getReportFilePath(ExtantManager.java:81)
at com.tripgain.common.ExtantManager.getReportFilePath(ExtantManager.java:81)
at com.tripgain.common.ExtantManager.getReportFilePath(ExtantManager.java:81)
at com.tripgain.common.ExtantManager.getReportFilePath(ExtantManager.java:81)
at com.tripgain.common.ExtantManager.getReportFilePath(ExtantManager.java:81)
at com.tripgain.common.ExtantManager.getReportFilePath(ExtantManager.java:81)
at com.tripgain.common.ExtantManager.getReportFilePath(ExtantManager.java:81)
at com.tripgain.common.ExtantManager.getReportFilePath(ExtantManager.java:81)
at com.tripgain.common.ExtantManager.getReportFilePath(ExtantManager.java:81)
at com.tripgain.common.ExtantManager.getReportFilePath(ExtantManager.java:81)
at com.tripgain.common.ExtantManager.getReportFilePath(ExtantManager.java:81)
at com.tripgain.common.ExtantManager.getReportFilePath(ExtantManager.java:81)
at com.tripgain.common.ExtantManager.getReportFilePath(ExtantManager.java:81)
at com.tripgain.common.ExtantManager.getReportFilePath(ExtantManager.java:81)
at com.tripgain.common.ExtantManager.getReportFilePath(ExtantManager.java:81)
at com.tripgain.common.ExtantManager.getReportFilePath(ExtantManager.java:81)
at com.tripgain.common.ExtantManager.getReportFilePath(ExtantManager.java:81)
at com.tripgain.common.ExtantManager.getReportFilePath(ExtantManager.java:81)
at com.tripgain.common.ExtantManager.getReportFilePath(ExtantManager.java:81)
at com.tripgain.common.ExtantManager.getReportFilePath(ExtantManager.java:81)
at com.tripgain.common.ExtantManager.getReportFilePath(ExtantManager.java:81)
at com.tripgain.common.ExtantManager.getReportFilePath(ExtantManager.java:81)
at com.tripgain.common.ExtantManager.getReportFilePath(ExtantManager.java:81)
at com.tripgain.common.ExtantManager.getReportFilePath(ExtantManager.java:81)
at com.tripgain.common.ExtantManager.getReportFilePath(ExtantManager.java:81)
at com.tripgain.common.ExtantManager.getReportFilePath(ExtantManager.java:81)
at com.tripgain.common.ExtantManager.getReportFilePath(ExtantManager.java:81)
at com.tripgain.common.ExtantManager.getReportFilePath(ExtantManager.java:81)
at com.tripgain.common.ExtantManager.getReportFilePath(ExtantManager.java:81)
at com.tripgain.common.ExtantManager.getReportFilePath(ExtantManager.java:81)
at com.tripgain.common.ExtantManager.getReportFilePath(ExtantManager.java:81)
at com.tripgain.common.ExtantManager.getReportFilePath(ExtantManager.java:81)
at com.tripgain.common.ExtantManager.getReportFilePath(ExtantManager.java:81)
at com.tripgain.common.ExtantManager.getReportFilePath(ExtantManager.java:81)
at com.tripgain.common.ExtantManager.getReportFilePath(ExtantManager.java:81)
at com.tripgain.common.ExtantManager.getReportFilePath(ExtantManager.java:81)
at com.tripgain.common.ExtantManager.getReportFilePath(ExtantManager.java:81)
at com.tripgain.common.ExtantManager.getReportFilePath(ExtantManager.java:81)
at com.tripgain.common.ExtantManager.getReportFilePath(ExtantManager.java:81)
at com.tripgain.common.ExtantManager.getReportFilePath(ExtantManager.java:81)
at com.tripgain.common.ExtantManager.getReportFilePath(ExtantManager.java:81)
at com.tripgain.common.ExtantManager.getReportFilePath(ExtantManager.java:81)
at com.tripgain.common.ExtantManager.getReportFilePath(ExtantManager.java:81)
at com.tripgain.common.ExtantManager.getReportFilePath(ExtantManager.java:81)
at com.tripgain.common.ExtantManager.getReportFilePath(ExtantManager.java:81)
at com.tripgain.common.ExtantManager.getReportFilePath(ExtantManager.java:81)
at com.tripgain.common.ExtantManager.getReportFilePath(ExtantManager.java:81)
at com.tripgain.common.ExtantManager.getReportFilePath(ExtantManager.java:81)
at com.tripgain.common.ExtantManager.getReportFilePath(ExtantManager.java:81)
at com.tripgain.common.ExtantManager.getReportFilePath(ExtantManager.java:81)
at com.tripgain.common.ExtantManager.getReportFilePath(ExtantManager.java:81)
at com.tripgain.common.ExtantManager.getReportFilePath(ExtantManager.java:81)
at com.tripgain.common.ExtantManager.getReportFilePath(ExtantManager.java:81)
at com.tripgain.common.ExtantManager.getReportFilePath(ExtantManager.java:81)
at com.tripgain.common.ExtantManager.getReportFilePath(ExtantManager.java:81)
at com.tripgain.common.ExtantManager.getReportFilePath(ExtantManager.java:81)
at com.tripgain.common.ExtantManager.getReportFilePath(ExtantManager.java:81)
at com.tripgain.common.ExtantManager.getReportFilePath(ExtantManager.java:81)
at com.tripgain.common.ExtantManager.getReportFilePath(ExtantManager.java:81)
at com.tripgain.common.ExtantManager.getReportFilePath(ExtantManager.java:81)
at com.tripgain.common.ExtantManager.getReportFilePath(ExtantManager.java:81)
at com.tripgain.common.ExtantManager.getReportFilePath(ExtantManager.java:81)
at com.tripgain.common.ExtantManager.getReportFilePath(ExtantManager.java:81)
at com.tripgain.common.ExtantManager.getReportFilePath(ExtantManager.java:81)
at com.tripgain.common.ExtantManager.getReportFilePath(ExtantManager.java:81)
at com.tripgain.common.ExtantManager.getReportFilePath(ExtantManager.java:81)
at com.tripgain.common.ExtantManager.getReportFilePath(ExtantManager.java:81)
at com.tripgain.common.ExtantManager.getReportFilePath(ExtantManager.java:81)
at com.tripgain.common.ExtantManager.getReportFilePath(ExtantManager.java:81)
at com.tripgain.common.ExtantManager.getReportFilePath(ExtantManager.java:81)
at com.tripgain.common.ExtantManager.getReportFilePath(ExtantManager.java:81)
at com.tripgain.common.ExtantManager.getReportFilePath(ExtantManager.java:81)
at com.tripgain.common.ExtantManager.getReportFilePath(ExtantManager.java:81)
at com.tripgain.common.ExtantManager.getReportFilePath(ExtantManager.java:81)
at com.tripgain.common.ExtantManager.getReportFilePath(ExtantManager.java:81)
at com.tripgain.common.ExtantManager.getReportFilePath(ExtantManager.java:81)
at com.tripgain.common.ExtantManager.getReportFilePath(ExtantManager.java:81)
at com.tripgain.common.ExtantManager.getReportFilePath(ExtantManager.java:81)
at com.tripgain.common.ExtantManager.getReportFilePath(ExtantManager.java:81)
at com.tripgain.common.ExtantManager.getReportFilePath(ExtantManager.java:81)
at com.tripgain.common.ExtantManager.getReportFilePath(ExtantManager.java:81)
at com.tripgain.common.ExtantManager.getReportFilePath(ExtantManager.java:81)
at com.tripgain.common.ExtantManager.getReportFilePath(ExtantManager.java:81)
at com.tripgain.common.ExtantManager.getReportFilePath(ExtantManager.java:81)
at com.tripgain.common.ExtantManager.getReportFilePath(ExtantManager.java:81)
at com.tripgain.common.ExtantManager.getReportFilePath(ExtantManager.java:81)
at com.tripgain.common.ExtantManager.getReportFilePath(ExtantManager.java:81)
at com.tripgain.common.ExtantManager.getReportFilePath(ExtantManager.java:81)
at com.tripgain.common.ExtantManager.getReportFilePath(ExtantManager.java:81)
at com.tripgain.common.ExtantManager.getReportFilePath(ExtantManager.java:81)
at com.tripgain.common.ExtantManager.getReportFilePath(ExtantManager.java:81)
at com.tripgain.common.ExtantManager.getReportFilePath(ExtantManager.java:81)
at com.tripgain.common.ExtantManager.getReportFilePath(ExtantManager.java:81)
at com.tripgain.common.ExtantManager.getReportFilePath(ExtantManager.java:81)
at com.tripgain.common.ExtantManager.getReportFilePath(ExtantManager.java:81)
at com.tripgain.common.ExtantManager.getReportFilePath(ExtantManager.java:81)
at com.tripgain.common.ExtantManager.getReportFilePath(ExtantManager.java:81)
at com.tripgain.common.ExtantManager.getReportFilePath(ExtantManager.java:81)
at com.tripgain.common.ExtantManager.getReportFilePath(ExtantManager.java:81)
at com.tripgain.common.ExtantManager.getReportFilePath(ExtantManager.java:81)
at com.tripgain.common.ExtantManager.getReportFilePath(ExtantManager.java:81)
at com.tripgain.common.ExtantManager.getReportFilePath(ExtantManager.java:81)
at com.tripgain.common.ExtantManager.getReportFilePath(ExtantManager.java:81)
at com.tripgain.common.ExtantManager.getReportFilePath(ExtantManager.java:81)
at com.tripgain.common.ExtantManager.getReportFilePath(ExtantManager.java:81)
at com.tripgain.common.ExtantManager.getReportFilePath(ExtantManager.java:81)
at com.tripgain.common.ExtantManager.getReportFilePath(ExtantManager.java:81)
at com.tripgain.common.ExtantManager.getReportFilePath(ExtantManager.java:81)
at com.tripgain.common.ExtantManager.getReportFilePath(ExtantManager.java:81)
at com.tripgain.common.ExtantManager.getReportFilePath(ExtantManager.java:81)
at com.tripgain.common.ExtantManager.getReportFilePath(ExtantManager.java:81)
at com.tripgain.common.ExtantManager.getReportFilePath(ExtantManager.java:81)
at com.tripgain.common.ExtantManager.getReportFilePath(ExtantManager.java:81)
at com.tripgain.common.ExtantManager.getReportFilePath(ExtantManager.java:81)
at com.tripgain.common.ExtantManager.getReportFilePath(ExtantManager.java:81)
at com.tripgain.common.ExtantManager.getReportFilePath(ExtantManager.java:81)
at com.tripgain.common.ExtantManager.getReportFilePath(ExtantManager.java:81)
at com.tripgain.common.ExtantManager.getReportFilePath(ExtantManager.java:81)
at com.tripgain.common.ExtantManager.getReportFilePath(ExtantManager.java:81)
at com.tripgain.common.ExtantManager.getReportFilePath(ExtantManager.java:81)
at com.tripgain.common.ExtantManager.getReportFilePath(ExtantManager.java:81)
at com.tripgain.common.ExtantManager.getReportFilePath(ExtantManager.java:81)
at com.tripgain.common.ExtantManager.getReportFilePath(ExtantManager.java:81)
at com.tripgain.common.ExtantManager.getReportFilePath(ExtantManager.java:81)
at com.tripgain.common.ExtantManager.getReportFilePath(ExtantManager.java:81)
at com.tripgain.common.ExtantManager.getReportFilePath(ExtantManager.java:81)
at com.tripgain.common.ExtantManager.getReportFilePath(ExtantManager.java:81)
at com.tripgain.common.ExtantManager.getReportFilePath(ExtantManager.java:81)
at com.tripgain.common.ExtantManager.getReportFilePath(ExtantManager.java:81)
at com.tripgain.common.ExtantManager.getReportFilePath(ExtantManager.java:81)
at com.tripgain.common.ExtantManager.getReportFilePath(ExtantManager.java:81)
at com.tripgain.common.ExtantManager.getReportFilePath(ExtantManager.java:81)
at com.tripgain.common.ExtantManager.getReportFilePath(ExtantManager.java:81)
at com.tripgain.common.ExtantManager.getReportFilePath(ExtantManager.java:81)
at com.tripgain.common.ExtantManager.getReportFilePath(ExtantManager.java:81)
at com.tripgain.common.ExtantManager.getReportFilePath(ExtantManager.java:81)
at com.tripgain.common.ExtantManager.getReportFilePath(ExtantManager.java:81)
at com.tripgain.common.ExtantManager.getReportFilePath(ExtantManager.java:81)
at com.tripgain.common.ExtantManager.getReportFilePath(ExtantManager.java:81)
at com.tripgain.common.ExtantManager.getReportFilePath(ExtantManager.java:81)
at com.tripgain.common.ExtantManager.getReportFilePath(ExtantManager.java:81)
at com.tripgain.common.ExtantManager.getReportFilePath(ExtantManager.java:81)
at com.tripgain.common.ExtantManager.getReportFilePath(ExtantManager.java:81)
at com.tripgain.common.ExtantManager.getReportFilePath(ExtantManager.java:81)
at com.tripgain.common.ExtantManager.getReportFilePath(ExtantManager.java:81)
at com.tripgain.common.ExtantManager.getReportFilePath(ExtantManager.java:81)
at com.tripgain.common.ExtantManager.getReportFilePath(ExtantManager.java:81)
at com.tripgain.common.ExtantManager.getReportFilePath(ExtantManager.java:81)
at com.tripgain.common.ExtantManager.getReportFilePath(ExtantManager.java:81)
at com.tripgain.common.ExtantManager.getReportFilePath(ExtantManager.java:81)
at com.tripgain.common.ExtantManager.getReportFilePath(ExtantManager.java:81)
at com.tripgain.common.ExtantManager.getReportFilePath(ExtantManager.java:81)
at com.tripgain.common.ExtantManager.getReportFilePath(ExtantManager.java:81)
at com.tripgain.common.ExtantManager.getReportFilePath(ExtantManager.java:81)
at com.tripgain.common.ExtantManager.getReportFilePath(ExtantManager.java:81)
at com.tripgain.common.ExtantManager.getReportFilePath(ExtantManager.java:81)
at com.tripgain.common.ExtantManager.getReportFilePath(ExtantManager.java:81)
at com.tripgain.common.ExtantManager.getReportFilePath(ExtantManager.java:81)
at com.tripgain.common.ExtantManager.getReportFilePath(ExtantManager.java:81)
at com.tripgain.common.ExtantManager.getReportFilePath(ExtantManager.java:81)
at com.tripgain.common.ExtantManager.getReportFilePath(ExtantManager.java:81)
at com.tripgain.common.ExtantManager.getReportFilePath(ExtantManager.java:81)
at com.tripgain.common.ExtantManager.getReportFilePath(ExtantManager.java:81)
at com.tripgain.common.ExtantManager.getReportFilePath(ExtantManager.java:81)
at com.tripgain.common.ExtantManager.getReportFilePath(ExtantManager.java:81)
at com.tripgain.common.ExtantManager.getReportFilePath(ExtantManager.java:81)
at com.tripgain.common.ExtantManager.getReportFilePath(ExtantManager.java:81)
at com.tripgain.common.ExtantManager.getReportFilePath(ExtantManager.java:81)
at com.tripgain.common.ExtantManager.getReportFilePath(ExtantManager.java:81)
at com.tripgain.common.ExtantManager.getReportFilePath(ExtantManager.java:81)
at com.tripgain.common.ExtantManager.getReportFilePath(ExtantManager.java:81)
at com.tripgain.common.ExtantManager.getReportFilePath(ExtantManager.java:81)
at com.tripgain.common.ExtantManager.getReportFilePath(ExtantManager.java:81)
at com.tripgain.common.ExtantManager.getReportFilePath(ExtantManager.java:81)
at com.tripgain.common.ExtantManager.getReportFilePath(ExtantManager.java:81)
at com.tripgain.common.ExtantManager.getReportFilePath(ExtantManager.java:81)
at com.tripgain.common.ExtantManager.getReportFilePath(ExtantManager.java:81)
at com.tripgain.common.ExtantManager.getReportFilePath(ExtantManager.java:81)
at com.tripgain.common.ExtantManager.getReportFilePath(ExtantManager.java:81)
at com.tripgain.common.ExtantManager.getReportFilePath(ExtantManager.java:81)
at com.tripgain.common.ExtantManager.getReportFilePath(ExtantManager.java:81)
at com.tripgain.common.ExtantManager.getReportFilePath(ExtantManager.java:81)
at com.tripgain.common.ExtantManager.getReportFilePath(ExtantManager.java:81)
at com.tripgain.common.ExtantManager.getReportFilePath(ExtantManager.java:81)
at com.tripgain.common.ExtantManager.getReportFilePath(ExtantManager.java:81)
at com.tripgain.common.ExtantManager.getReportFilePath(ExtantManager.java:81)
at com.tripgain.common.ExtantManager.getReportFilePath(ExtantManager.java:81)
at com.tripgain.common.ExtantManager.getReportFilePath(ExtantManager.java:81)
at com.tripgain.common.ExtantManager.getReportFilePath(ExtantManager.java:81)
at com.tripgain.common.ExtantManager.getReportFilePath(ExtantManager.java:81)
at com.tripgain.common.ExtantManager.getReportFilePath(ExtantManager.java:81)
at com.tripgain.common.ExtantManager.getReportFilePath(ExtantManager.java:81)
at com.tripgain.common.ExtantManager.getReportFilePath(ExtantManager.java:81)
at com.tripgain.common.ExtantManager.getReportFilePath(ExtantManager.java:81)
at com.tripgain.common.ExtantManager.getReportFilePath(ExtantManager.java:81)
at com.tripgain.common.ExtantManager.getReportFilePath(ExtantManager.java:81)
at com.tripgain.common.ExtantManager.getReportFilePath(ExtantManager.java:81)
at com.tripgain.common.ExtantManager.getReportFilePath(ExtantManager.java:81)
at com.tripgain.common.ExtantManager.getReportFilePath(ExtantManager.java:81)
at com.tripgain.common.ExtantManager.getReportFilePath(ExtantManager.java:81)
at com.tripgain.common.ExtantManager.getReportFilePath(ExtantManager.java:81)
at com.tripgain.common.ExtantManager.getReportFilePath(ExtantManager.java:81)
at com.tripgain.common.ExtantManager.getReportFilePath(ExtantManager.java:81)
at com.tripgain.common.ExtantManager.getReportFilePath(ExtantManager.java:81)
at com.tripgain.common.ExtantManager.getReportFilePath(ExtantManager.java:81)
at com.tripgain.common.ExtantManager.getReportFilePath(ExtantManager.java:81)
at com.tripgain.common.ExtantManager.getReportFilePath(ExtantManager.java:81)
at com.tripgain.common.ExtantManager.getReportFilePath(ExtantManager.java:81)
at com.tripgain.common.ExtantManager.getReportFilePath(ExtantManager.java:81)
at com.tripgain.common.ExtantManager.getReportFilePath(ExtantManager.java:81)
at com.tripgain.common.ExtantManager.getReportFilePath(ExtantManager.java:81)
at com.tripgain.common.ExtantManager.getReportFilePath(ExtantManager.java:81)
at com.tripgain.common.ExtantManager.getReportFilePath(ExtantManager.java:81)
at com.tripgain.common.ExtantManager.getReportFilePath(ExtantManager.java:81)
at com.tripgain.common.ExtantManager.getReportFilePath(ExtantManager.java:81)
at com.tripgain.common.ExtantManager.getReportFilePath(ExtantManager.java:81)
at com.tripgain.common.ExtantManager.getReportFilePath(ExtantManager.java:81)
at com.tripgain.common.ExtantManager.getReportFilePath(ExtantManager.java:81)
at com.tripgain.common.ExtantManager.getReportFilePath(ExtantManager.java:81)
at com.tripgain.common.ExtantManager.getReportFilePath(ExtantManager.java:81)
at com.tripgain.common.ExtantManager.getReportFilePath(ExtantManager.java:81)
at com.tripgain.common.ExtantManager.getReportFilePath(ExtantManager.java:81)
at com.tripgain.common.ExtantManager.getReportFilePath(ExtantManager.java:81)
at com.tripgain.common.ExtantManager.getReportFilePath(ExtantManager.java:81)
at com.tripgain.common.ExtantManager.getReportFilePath(ExtantManager.java:81)
at com.tripgain.common.ExtantManager.getReportFilePath(ExtantManager.java:81)
at com.tripgain.common.ExtantManager.getReportFilePath(ExtantManager.java:81)
at com.tripgain.common.ExtantManager.getReportFilePath(ExtantManager.java:81)
at com.tripgain.common.ExtantManager.getReportFilePath(ExtantManager.java:81)
at com.tripgain.common.ExtantManager.getReportFilePath(ExtantManager.java:81)
at com.tripgain.common.ExtantManager.getReportFilePath(ExtantManager.java:81)
at com.tripgain.common.ExtantManager.getReportFilePath(ExtantManager.java:81)
at com.tripgain.common.ExtantManager.getReportFilePath(ExtantManager.java:81)
at com.tripgain.common.ExtantManager.getReportFilePath(ExtantManager.java:81)
at com.tripgain.common.ExtantManager.getReportFilePath(ExtantManager.java:81)
at com.tripgain.common.ExtantManager.getReportFilePath(ExtantManager.java:81)
at com.tripgain.common.ExtantManager.getReportFilePath(ExtantManager.java:81)
at com.tripgain.common.ExtantManager.getReportFilePath(ExtantManager.java:81)
at com.tripgain.common.ExtantManager.getReportFilePath(ExtantManager.java:81)
at com.tripgain.common.ExtantManager.getReportFilePath(ExtantManager.java:81)
at com.tripgain.common.ExtantManager.getReportFilePath(ExtantManager.java:81)
at com.tripgain.common.ExtantManager.getReportFilePath(ExtantManager.java:81)
at com.tripgain.common.ExtantManager.getReportFilePath(ExtantManager.java:81)
at com.tripgain.common.ExtantManager.getReportFilePath(ExtantManager.java:81)
at com.tripgain.common.ExtantManager.getReportFilePath(ExtantManager.java:81)
at com.tripgain.common.ExtantManager.getReportFilePath(ExtantManager.java:81)
at com.tripgain.common.ExtantManager.getReportFilePath(ExtantManager.java:81)
at com.tripgain.common.ExtantManager.getReportFilePath(ExtantManager.java:81)
at com.tripgain.common.ExtantManager.getReportFilePath(ExtantManager.java:81)
at com.tripgain.common.ExtantManager.getReportFilePath(ExtantManager.java:81)
at com.tripgain.common.ExtantManager.getReportFilePath(ExtantManager.java:81)
at com.tripgain.common.ExtantManager.getReportFilePath(ExtantManager.java:81)
at com.tripgain.common.ExtantManager.getReportFilePath(ExtantManager.java:81)
at com.tripgain.common.ExtantManager.getReportFilePath(ExtantManager.java:81)
at com.tripgain.common.ExtantManager.getReportFilePath(ExtantManager.java:81)
at com.tripgain.common.ExtantManager.getReportFilePath(ExtantManager.java:81)
at com.tripgain.common.ExtantManager.getReportFilePath(ExtantManager.java:81)
at com.tripgain.common.ExtantManager.getReportFilePath(ExtantManager.java:81)
at com.tripgain.common.ExtantManager.getReportFilePath(ExtantManager.java:81)
at com.tripgain.common.ExtantManager.getReportFilePath(ExtantManager.java:81)
at com.tripgain.common.ExtantManager.getReportFilePath(ExtantManager.java:81)
at com.tripgain.common.ExtantManager.getReportFilePath(ExtantManager.java:81)
at com.tripgain.common.ExtantManager.getReportFilePath(ExtantManager.java:81)
at com.tripgain.common.ExtantManager.getReportFilePath(ExtantManager.java:81)
at com.tripgain.common.ExtantManager.getReportFilePath(ExtantManager.java:81)
at com.tripgain.common.ExtantManager.getReportFilePath(ExtantManager.java:81)
at com.tripgain.common.ExtantManager.getReportFilePath(ExtantManager.java:81)
at com.tripgain.common.ExtantManager.getReportFilePath(ExtantManager.java:81)
at com.tripgain.common.ExtantManager.getReportFilePath(ExtantManager.java:81)
at com.tripgain.common.ExtantManager.getReportFilePath(ExtantManager.java:81)
at com.tripgain.common.ExtantManager.getReportFilePath(ExtantManager.java:81)
at com.tripgain.common.ExtantManager.getReportFilePath(ExtantManager.java:81)
at com.tripgain.common.ExtantManager.getReportFilePath(ExtantManager.java:81)
at com.tripgain.common.ExtantManager.getReportFilePath(ExtantManager.java:81)
at com.tripgain.common.ExtantManager.getReportFilePath(ExtantManager.java:81)
at com.tripgain.common.ExtantManager.getReportFilePath(ExtantManager.java:81)
at com.tripgain.common.ExtantManager.getReportFilePath(ExtantManager.java:81)
at com.tripgain.common.ExtantManager.getReportFilePath(ExtantManager.java:81)
at com.tripgain.common.ExtantManager.getReportFilePath(ExtantManager.java:81)
at com.tripgain.common.ExtantManager.getReportFilePath(ExtantManager.java:81)
at com.tripgain.common.ExtantManager.getReportFilePath(ExtantManager.java:81)
at com.tripgain.common.ExtantManager.getReportFilePath(ExtantManager.java:81)
at com.tripgain.common.ExtantManager.getReportFilePath(ExtantManager.java:81)
at com.tripgain.common.ExtantManager.getReportFilePath(ExtantManager.java:81)
at com.tripgain.common.ExtantManager.getReportFilePath(ExtantManager.java:81)
at com.tripgain.common.ExtantManager.getReportFilePath(ExtantManager.java:81)
at com.tripgain.common.ExtantManager.getReportFilePath(ExtantManager.java:81)
at com.tripgain.common.ExtantManager.getReportFilePath(ExtantManager.java:81)
at com.tripgain.common.ExtantManager.getReportFilePath(ExtantManager.java:81)
at com.tripgain.common.ExtantManager.getReportFilePath(ExtantManager.java:81)
at com.tripgain.common.ExtantManager.getReportFilePath(ExtantManager.java:81)
at com.tripgain.common.ExtantManager.getReportFilePath(ExtantManager.java:81)
at com.tripgain.common.ExtantManager.getReportFilePath(ExtantManager.java:81)
at com.tripgain.common.ExtantManager.getReportFilePath(ExtantManager.java:81)
at com.tripgain.common.ExtantManager.getReportFilePath(ExtantManager.java:81)
at com.tripgain.common.ExtantManager.getReportFilePath(ExtantManager.java:81)
at com.tripgain.common.ExtantManager.getReportFilePath(ExtantManager.java:81)
at com.tripgain.common.ExtantManager.getReportFilePath(ExtantManager.java:81)
at com.tripgain.common.ExtantManager.getReportFilePath(ExtantManager.java:81)
at com.tripgain.common.ExtantManager.getReportFilePath(ExtantManager.java:81)
at com.tripgain.common.ExtantManager.getReportFilePath(ExtantManager.java:81)
at com.tripgain.common.ExtantManager.getReportFilePath(ExtantManager.java:81)
at com.tripgain.common.ExtantManager.getReportFilePath(ExtantManager.java:81)
at com.tripgain.common.ExtantManager.getReportFilePath(ExtantManager.java:81)
at com.tripgain.common.ExtantManager.getReportFilePath(ExtantManager.java:81)
at com.tripgain.common.ExtantManager.getReportFilePath(ExtantManager.java:81)
at com.tripgain.common.ExtantManager.getReportFilePath(ExtantManager.java:81)
at com.tripgain.common.ExtantManager.getReportFilePath(ExtantManager.java:81)
at com.tripgain.common.ExtantManager.getReportFilePath(ExtantManager.java:81)
at com.tripgain.common.ExtantManager.getReportFilePath(ExtantManager.java:81)
at com.tripgain.common.ExtantManager.getReportFilePath(ExtantManager.java:81)
at com.tripgain.common.ExtantManager.getReportFilePath(ExtantManager.java:81)
at com.tripgain.common.ExtantManager.getReportFilePath(ExtantManager.java:81)
at com.tripgain.common.ExtantManager.getReportFilePath(ExtantManager.java:81)
at com.tripgain.common.ExtantManager.getReportFilePath(ExtantManager.java:81)
at com.tripgain.common.ExtantManager.getReportFilePath(ExtantManager.java:81)
at com.tripgain.common.ExtantManager.getReportFilePath(ExtantManager.java:81)
at com.tripgain.common.ExtantManager.getReportFilePath(ExtantManager.java:81)
at com.tripgain.common.ExtantManager.getReportFilePath(ExtantManager.java:81)
at com.tripgain.common.ExtantManager.getReportFilePath(ExtantManager.java:81)
at com.tripgain.common.ExtantManager.getReportFilePath(ExtantManager.java:81)
at com.tripgain.common.ExtantManager.getReportFilePath(ExtantManager.java:81)
at com.tripgain.common.ExtantManager.getReportFilePath(ExtantManager.java:81)
at com.tripgain.common.ExtantManager.getReportFilePath(ExtantManager.java:81)
at com.tripgain.common.ExtantManager.getReportFilePath(ExtantManager.java:81)
at com.tripgain.common.ExtantManager.getReportFilePath(ExtantManager.java:81)
at com.tripgain.common.ExtantManager.getReportFilePath(ExtantManager.java:81)
at com.tripgain.common.ExtantManager.getReportFilePath(ExtantManager.java:81)
at com.tripgain.common.ExtantManager.getReportFilePath(ExtantManager.java:81)
at com.tripgain.common.ExtantManager.getReportFilePath(ExtantManager.java:81)
at com.tripgain.common.ExtantManager.getReportFilePath(ExtantManager.java:81)
at com.tripgain.common.ExtantManager.getReportFilePath(ExtantManager.java:81)
at com.tripgain.common.ExtantManager.getReportFilePath(ExtantManager.java:81)
at com.tripgain.common.ExtantManager.getReportFilePath(ExtantManager.java:81)
at com.tripgain.common.ExtantManager.getReportFilePath(ExtantManager.java:81)
at com.tripgain.common.ExtantManager.getReportFilePath(ExtantManager.java:81)
at com.tripgain.common.ExtantManager.getReportFilePath(ExtantManager.java:81)
at com.tripgain.common.ExtantManager.getReportFilePath(ExtantManager.java:81)
at com.tripgain.common.ExtantManager.getReportFilePath(ExtantManager.java:81)
at com.tripgain.common.ExtantManager.getReportFilePath(ExtantManager.java:81)
at com.tripgain.common.ExtantManager.getReportFilePath(ExtantManager.java:81)
at com.tripgain.common.ExtantManager.getReportFilePath(ExtantManager.java:81)
at com.tripgain.common.ExtantManager.getReportFilePath(ExtantManager.java:81)
at com.tripgain.common.ExtantManager.getReportFilePath(ExtantManager.java:81)
at com.tripgain.common.ExtantManager.getReportFilePath(ExtantManager.java:81)
at com.tripgain.common.ExtantManager.getReportFilePath(ExtantManager.java:81)
at com.tripgain.common.ExtantManager.getReportFilePath(ExtantManager.java:81)
at com.tripgain.common.ExtantManager.getReportFilePath(ExtantManager.java:81)
at com.tripgain.common.ExtantManager.getReportFilePath(ExtantManager.java:81)
at com.tripgain.common.ExtantManager.getReportFilePath(ExtantManager.java:81)
at com.tripgain.common.ExtantManager.getReportFilePath(ExtantManager.java:81)
at com.tripgain.common.ExtantManager.getReportFilePath(ExtantManager.java:81)
at com.tripgain.common.ExtantManager.getReportFilePath(ExtantManager.java:81)
at com.tripgain.common.ExtantManager.getReportFilePath(ExtantManager.java:81)
at com.tripgain.common.ExtantManager.getReportFilePath(ExtantManager.java:81)
at com.tripgain.common.ExtantManager.getReportFilePath(ExtantManager.java:81)
at com.tripgain.common.ExtantManager.getReportFilePath(ExtantManager.java:81)
at com.tripgain.common.ExtantManager.getReportFilePath(ExtantManager.java:81)
at com.tripgain.common.ExtantManager.getReportFilePath(ExtantManager.java:81)
at com.tripgain.common.ExtantManager.getReportFilePath(ExtantManager.java:81)
at com.tripgain.common.ExtantManager.getReportFilePath(ExtantManager.java:81)
at com.tripgain.common.ExtantManager.getReportFilePath(ExtantManager.java:81)
at com.tripgain.common.ExtantManager.getReportFilePath(ExtantManager.java:81)
at com.tripgain.common.ExtantManager.getReportFilePath(ExtantManager.java:81)
at com.tripgain.common.ExtantManager.getReportFilePath(ExtantManager.java:81)
at com.tripgain.common.ExtantManager.getReportFilePath(ExtantManager.java:81)
at com.tripgain.common.ExtantManager.getReportFilePath(ExtantManager.java:81)
at com.tripgain.common.ExtantManager.getReportFilePath(ExtantManager.java:81)
at com.tripgain.common.ExtantManager.getReportFilePath(ExtantManager.java:81)
at com.tripgain.common.ExtantManager.getReportFilePath(ExtantManager.java:81)
at com.tripgain.common.ExtantManager.getReportFilePath(ExtantManager.java:81)
at com.tripgain.common.ExtantManager.getReportFilePath(ExtantManager.java:81)
at com.tripgain.common.ExtantManager.getReportFilePath(ExtantManager.java:81)
at com.tripgain.common.ExtantManager.getReportFilePath(ExtantManager.java:81)
at com.tripgain.common.ExtantManager.getReportFilePath(ExtantManager.java:81)
at com.tripgain.common.ExtantManager.getReportFilePath(ExtantManager.java:81)
at com.tripgain.common.ExtantManager.getReportFilePath(ExtantManager.java:81)
at com.tripgain.common.ExtantManager.getReportFilePath(ExtantManager.java:81)
at com.tripgain.common.ExtantManager.getReportFilePath(ExtantManager.java:81)
at com.tripgain.common.ExtantManager.getReportFilePath(ExtantManager.java:81)
at com.tripgain.common.ExtantManager.getReportFilePath(ExtantManager.java:81)
at com.tripgain.common.ExtantManager.getReportFilePath(ExtantManager.java:81)
at com.tripgain.common.ExtantManager.getReportFilePath(ExtantManager.java:81)
at com.tripgain.common.ExtantManager.getReportFilePath(ExtantManager.java:81)
at com.tripgain.common.ExtantManager.getReportFilePath(ExtantManager.java:81)
at com.tripgain.common.ExtantManager.getReportFilePath(ExtantManager.java:81)
at com.tripgain.common.ExtantManager.getReportFilePath(ExtantManager.java:81)
at com.tripgain.common.ExtantManager.getReportFilePath(ExtantManager.java:81)
at com.tripgain.common.ExtantManager.getReportFilePath(ExtantManager.java:81)
at com.tripgain.common.ExtantManager.getReportFilePath(ExtantManager.java:81)
at com.tripgain.common.ExtantManager.getReportFilePath(ExtantManager.java:81)
at com.tripgain.common.ExtantManager.getReportFilePath(ExtantManager.java:81)
at com.tripgain.common.ExtantManager.getReportFilePath(ExtantManager.java:81)
at com.tripgain.common.ExtantManager.getReportFilePath(ExtantManager.java:81)
at com.tripgain.common.ExtantManager.getReportFilePath(ExtantManager.java:81)
at com.tripgain.common.ExtantManager.getReportFilePath(ExtantManager.java:81)
at com.tripgain.common.ExtantManager.getReportFilePath(ExtantManager.java:81)
at com.tripgain.common.ExtantManager.getReportFilePath(ExtantManager.java:81)
at com.tripgain.common.ExtantManager.getReportFilePath(ExtantManager.java:81)
at com.tripgain.common.ExtantManager.getReportFilePath(ExtantManager.java:81)
at com.tripgain.common.ExtantManager.getReportFilePath(ExtantManager.java:81)
at com.tripgain.common.ExtantManager.getReportFilePath(ExtantManager.java:81)
at com.tripgain.common.ExtantManager.getReportFilePath(ExtantManager.java:81)
at com.tripgain.common.ExtantManager.getReportFilePath(ExtantManager.java:81)
at com.tripgain.common.ExtantManager.getReportFilePath(ExtantManager.java:81)
at com.tripgain.common.ExtantManager.getReportFilePath(ExtantManager.java:81)
at com.tripgain.common.ExtantManager.getReportFilePath(ExtantManager.java:81)
at com.tripgain.common.ExtantManager.getReportFilePath(ExtantManager.java:81)
at com.tripgain.common.ExtantManager.getReportFilePath(ExtantManager.java:81)
at com.tripgain.common.ExtantManager.getReportFilePath(ExtantManager.java:81)
at com.tripgain.common.ExtantManager.getReportFilePath(ExtantManager.java:81)
at com.tripgain.common.ExtantManager.getReportFilePath(ExtantManager.java:81)
at com.tripgain.common.ExtantManager.getReportFilePath(ExtantManager.java:81)
at com.tripgain.common.ExtantManager.getReportFilePath(ExtantManager.java:81)
at com.tripgain.common.ExtantManager.getReportFilePath(ExtantManager.java:81)
at com.tripgain.common.ExtantManager.getReportFilePath(ExtantManager.java:81)
at com.tripgain.common.ExtantManager.getReportFilePath(ExtantManager.java:81)
at com.tripgain.common.ExtantManager.getReportFilePath(ExtantManager.java:81)
at com.tripgain.common.ExtantManager.getReportFilePath(ExtantManager.java:81)
at com.tripgain.common.ExtantManager.getReportFilePath(ExtantManager.java:81)
at com.tripgain.common.ExtantManager.getReportFilePath(ExtantManager.java:81)
at com.tripgain.common.ExtantManager.getReportFilePath(ExtantManager.java:81)
at com.tripgain.common.ExtantManager.getReportFilePath(ExtantManager.java:81)
at com.tripgain.common.ExtantManager.getReportFilePath(ExtantManager.java:81)
at com.tripgain.common.ExtantManager.getReportFilePath(ExtantManager.java:81)
at com.tripgain.common.ExtantManager.getReportFilePath(ExtantManager.java:81)
at com.tripgain.common.ExtantManager.getReportFilePath(ExtantManager.java:81)
at com.tripgain.common.ExtantManager.getReportFilePath(ExtantManager.java:81)
at com.tripgain.common.ExtantManager.getReportFilePath(ExtantManager.java:81)
at com.tripgain.common.ExtantManager.getReportFilePath(ExtantManager.java:81)
at com.tripgain.common.ExtantManager.getReportFilePath(ExtantManager.java:81)
at com.tripgain.common.ExtantManager.getReportFilePath(ExtantManager.java:81)
at com.tripgain.common.ExtantManager.getReportFilePath(ExtantManager.java:81)
at com.tripgain.common.ExtantManager.getReportFilePath(ExtantManager.java:81)
at com.tripgain.common.ExtantManager.getReportFilePath(ExtantManager.java:81)
at com.tripgain.common.ExtantManager.getReportFilePath(ExtantManager.java:81)
at com.tripgain.common.ExtantManager.getReportFilePath(ExtantManager.java:81)
at com.tripgain.common.ExtantManager.getReportFilePath(ExtantManager.java:81)
at com.tripgain.common.ExtantManager.getReportFilePath(ExtantManager.java:81)
at com.tripgain.common.ExtantManager.getReportFilePath(ExtantManager.java:81)
at com.tripgain.common.ExtantManager.getReportFilePath(ExtantManager.java:81)
at com.tripgain.common.ExtantManager.getReportFilePath(ExtantManager.java:81)
at com.tripgain.common.ExtantManager.getReportFilePath(ExtantManager.java:81)
at com.tripgain.common.ExtantManager.getReportFilePath(ExtantManager.java:81)
at com.tripgain.common.ExtantManager.getReportFilePath(ExtantManager.java:81)
at com.tripgain.common.ExtantManager.getReportFilePath(ExtantManager.java:81)
at com.tripgain.common.ExtantManager.getReportFilePath(ExtantManager.java:81)
at com.tripgain.common.ExtantManager.getReportFilePath(ExtantManager.java:81)
at com.tripgain.common.ExtantManager.getReportFilePath(ExtantManager.java:81)
at com.tripgain.common.ExtantManager.getReportFilePath(ExtantManager.java:81)
at com.tripgain.common.ExtantManager.getReportFilePath(ExtantManager.java:81)
at com.tripgain.common.ExtantManager.getReportFilePath(ExtantManager.java:81)
at com.tripgain.common.ExtantManager.getReportFilePath(ExtantManager.java:81)
at com.tripgain.common.ExtantManager.getReportFilePath(ExtantManager.java:81)
at com.tripgain.common.ExtantManager.getReportFilePath(ExtantManager.java:81)
at com.tripgain.common.ExtantManager.getReportFilePath(ExtantManager.java:81)
at com.tripgain.common.ExtantManager.getReportFilePath(ExtantManager.java:81)
at com.tripgain.common.ExtantManager.getReportFilePath(ExtantManager.java:81)
at com.tripgain.common.ExtantManager.getReportFilePath(ExtantManager.java:81)
at com.tripgain.common.ExtantManager.getReportFilePath(ExtantManager.java:81)
at com.tripgain.common.ExtantManager.getReportFilePath(ExtantManager.java:81)
at com.tripgain.common.ExtantManager.getReportFilePath(ExtantManager.java:81)
at com.tripgain.common.ExtantManager.getReportFilePath(ExtantManager.java:81)
at com.tripgain.common.ExtantManager.getReportFilePath(ExtantManager.java:81)
at com.tripgain.common.ExtantManager.getReportFilePath(ExtantManager.java:81)
at com.tripgain.common.ExtantManager.getReportFilePath(ExtantManager.java:81)
at com.tripgain.common.ExtantManager.getReportFilePath(ExtantManager.java:81)
at com.tripgain.common.ExtantManager.getReportFilePath(ExtantManager.java:81)
at com.tripgain.common.ExtantManager.getReportFilePath(ExtantManager.java:81)
at com.tripgain.common.ExtantManager.getReportFilePath(ExtantManager.java:81)
at com.tripgain.common.ExtantManager.getReportFilePath(ExtantManager.java:81)
at com.tripgain.common.ExtantManager.getReportFilePath(ExtantManager.java:81)
at com.tripgain.common.ExtantManager.getReportFilePath(ExtantManager.java:81)
at com.tripgain.common.ExtantManager.getReportFilePath(ExtantManager.java:81)
at com.tripgain.common.ExtantManager.getReportFilePath(ExtantManager.java:81)
at com.tripgain.common.ExtantManager.getReportFilePath(ExtantManager.java:81)
at com.tripgain.common.ExtantManager.getReportFilePath(ExtantManager.java:81)
at com.tripgain.common.ExtantManager.getReportFilePath(ExtantManager.java:81)
at com.tripgain.common.ExtantManager.getReportFilePath(ExtantManager.java:81)
at com.tripgain.common.ExtantManager.getReportFilePath(ExtantManager.java:81)
at com.tripgain.common.ExtantManager.getReportFilePath(ExtantManager.java:81)
at com.tripgain.common.ExtantManager.getReportFilePath(ExtantManager.java:81)
at com.tripgain.common.ExtantManager.getReportFilePath(ExtantManager.java:81)
at com.tripgain.common.ExtantManager.getReportFilePath(ExtantManager.java:81)
at com.tripgain.common.ExtantManager.getReportFilePath(ExtantManager.java:81)
at com.tripgain.common.ExtantManager.getReportFilePath(ExtantManager.java:81)
at com.tripgain.common.ExtantManager.getReportFilePath(ExtantManager.java:81)
at com.tripgain.common.ExtantManager.getReportFilePath(ExtantManager.java:81)
at com.tripgain.common.ExtantManager.getReportFilePath(ExtantManager.java:81)
at com.tripgain.common.ExtantManager.getReportFilePath(ExtantManager.java:81)
at com.tripgain.common.ExtantManager.getReportFilePath(ExtantManager.java:81)
at com.tripgain.common.ExtantManager.getReportFilePath(ExtantManager.java:81)
at com.tripgain.common.ExtantManager.getReportFilePath(ExtantManager.java:81)
at com.tripgain.common.ExtantManager.getReportFilePath(ExtantManager.java:81)
at com.tripgain.common.ExtantManager.getReportFilePath(ExtantManager.java:81)
at com.tripgain.common.ExtantManager.getReportFilePath(ExtantManager.java:81)
at com.tripgain.common.ExtantManager.getReportFilePath(ExtantManager.java:81)
at com.tripgain.common.ExtantManager.getReportFilePath(ExtantManager.java:81)
at com.tripgain.common.ExtantManager.getReportFilePath(ExtantManager.java:81)
at com.tripgain.common.ExtantManager.getReportFilePath(ExtantManager.java:81)
at com.tripgain.common.ExtantManager.getReportFilePath(ExtantManager.java:81)
at com.tripgain.common.ExtantManager.getReportFilePath(ExtantManager.java:81)
at com.tripgain.common.ExtantManager.getReportFilePath(ExtantManager.java:81)
at com.tripgain.common.ExtantManager.getReportFilePath(ExtantManager.java:81)
at com.tripgain.common.ExtantManager.getReportFilePath(ExtantManager.java:81)
at com.tripgain.common.ExtantManager.getReportFilePath(ExtantManager.java:81)
at com.tripgain.common.ExtantManager.getReportFilePath(ExtantManager.java:81)
at com.tripgain.common.ExtantManager.getReportFilePath(ExtantManager.java:81)
at com.tripgain.common.ExtantManager.getReportFilePath(ExtantManager.java:81)
at com.tripgain.common.ExtantManager.getReportFilePath(ExtantManager.java:81)
at com.tripgain.common.ExtantManager.getReportFilePath(ExtantManager.java:81)
at com.tripgain.common.ExtantManager.getReportFilePath(ExtantManager.java:81)
at com.tripgain.common.ExtantManager.getReportFilePath(ExtantManager.java:81)
at com.tripgain.common.ExtantManager.getReportFilePath(ExtantManager.java:81)
at com.tripgain.common.ExtantManager.getReportFilePath(ExtantManager.java:81)
at com.tripgain.common.ExtantManager.getReportFilePath(ExtantManager.java:81)
at com.tripgain.common.ExtantManager.getReportFilePath(ExtantManager.java:81)
at com.tripgain.common.ExtantManager.getReportFilePath(ExtantManager.java:81)
at com.tripgain.common.ExtantManager.getReportFilePath(ExtantManager.java:81)
at com.tripgain.common.ExtantManager.getReportFilePath(ExtantManager.java:81)
at com.tripgain.common.ExtantManager.getReportFilePath(ExtantManager.java:81)
at com.tripgain.common.ExtantManager.getReportFilePath(ExtantManager.java:81)
at com.tripgain.common.ExtantManager.getReportFilePath(ExtantManager.java:81)
at com.tripgain.common.ExtantManager.getReportFilePath(ExtantManager.java:81)
at com.tripgain.common.ExtantManager.getReportFilePath(ExtantManager.java:81)
at com.tripgain.common.ExtantManager.getReportFilePath(ExtantManager.java:81)
at com.tripgain.common.ExtantManager.getReportFilePath(ExtantManager.java:81)
at com.tripgain.common.ExtantManager.getReportFilePath(ExtantManager.java:81)
at com.tripgain.common.ExtantManager.getReportFilePath(ExtantManager.java:81)
at com.tripgain.common.ExtantManager.getReportFilePath(ExtantManager.java:81)
at com.tripgain.common.ExtantManager.getReportFilePath(ExtantManager.java:81)
at com.tripgain.common.ExtantManager.getReportFilePath(ExtantManager.java:81)
at com.tripgain.common.ExtantManager.getReportFilePath(ExtantManager.java:81)
at com.tripgain.common.ExtantManager.getReportFilePath(ExtantManager.java:81)
at com.tripgain.common.ExtantManager.getReportFilePath(ExtantManager.java:81)
at com.tripgain.common.ExtantManager.getReportFilePath(ExtantManager.java:81)
at com.tripgain.common.ExtantManager.getReportFilePath(ExtantManager.java:81)
at com.tripgain.common.ExtantManager.getReportFilePath(ExtantManager.java:81)
at com.tripgain.common.ExtantManager.getReportFilePath(ExtantManager.java:81)
at com.tripgain.common.ExtantManager.getReportFilePath(ExtantManager.java:81)
at com.tripgain.common.ExtantManager.getReportFilePath(ExtantManager.java:81)
at com.tripgain.common.ExtantManager.getReportFilePath(ExtantManager.java:81)
at com.tripgain.common.ExtantManager.getReportFilePath(ExtantManager.java:81)
at com.tripgain.common.ExtantManager.getReportFilePath(ExtantManager.java:81)
at com.tripgain.common.ExtantManager.getReportFilePath(ExtantManager.java:81)
at com.tripgain.common.ExtantManager.getReportFilePath(ExtantManager.java:81)
at com.tripgain.common.ExtantManager.getReportFilePath(ExtantManager.java:81)
at com.tripgain.common.ExtantManager.getReportFilePath(ExtantManager.java:81)
at com.tripgain.common.ExtantManager.getReportFilePath(ExtantManager.java:81)
at com.tripgain.common.ExtantManager.getReportFilePath(ExtantManager.java:81)
at com.tripgain.common.ExtantManager.getReportFilePath(ExtantManager.java:81)
at com.tripgain.common.ExtantManager.getReportFilePath(ExtantManager.java:81)
at com.tripgain.common.ExtantManager.getReportFilePath(ExtantManager.java:81)
at com.tripgain.common.ExtantManager.getReportFilePath(ExtantManager.java:81)
at com.tripgain.common.ExtantManager.getReportFilePath(ExtantManager.java:81)
at com.tripgain.common.ExtantManager.getReportFilePath(ExtantManager.java:81)
at com.tripgain.common.ExtantManager.getReportFilePath(ExtantManager.java:81)
at com.tripgain.common.ExtantManager.getReportFilePath(ExtantManager.java:81)
at com.tripgain.common.ExtantManager.getReportFilePath(ExtantManager.java:81)
at com.tripgain.common.ExtantManager.getReportFilePath(ExtantManager.java:81)
at com.tripgain.common.ExtantManager.getReportFilePath(ExtantManager.java:81)
at com.tripgain.common.ExtantManager.getReportFilePath(ExtantManager.java:81)
at com.tripgain.common.ExtantManager.getReportFilePath(ExtantManager.java:81)
at com.tripgain.common.ExtantManager.getReportFilePath(ExtantManager.java:81)
at com.tripgain.common.ExtantManager.getReportFilePath(ExtantManager.java:81)
at com.tripgain.common.ExtantManager.getReportFilePath(ExtantManager.java:81)
at com.tripgain.common.ExtantManager.getReportFilePath(ExtantManager.java:81)
at com.tripgain.common.ExtantManager.getReportFilePath(ExtantManager.java:81)
at com.tripgain.common.ExtantManager.getReportFilePath(ExtantManager.java:81)
at com.tripgain.common.ExtantManager.getReportFilePath(ExtantManager.java:81)
at com.tripgain.common.ExtantManager.getReportFilePath(ExtantManager.java:81)
at com.tripgain.common.ExtantManager.getReportFilePath(ExtantManager.java:81)
at com.tripgain.common.ExtantManager.getReportFilePath(ExtantManager.java:81)
at com.tripgain.common.ExtantManager.getReportFilePath(ExtantManager.java:81)
at com.tripgain.common.ExtantManager.getReportFilePath(ExtantManager.java:81)
at com.tripgain.common.ExtantManager.getReportFilePath(ExtantManager.java:81)
at com.tripgain.common.ExtantManager.getReportFilePath(ExtantManager.java:81)
at com.tripgain.common.ExtantManager.getReportFilePath(ExtantManager.java:81)
at com.tripgain.common.ExtantManager.getReportFilePath(ExtantManager.java:81)
at com.tripgain.common.ExtantManager.getReportFilePath(ExtantManager.java:81)
at com.tripgain.common.ExtantManager.getReportFilePath(ExtantManager.java:81)
at com.tripgain.common.ExtantManager.getReportFilePath(ExtantManager.java:81)
at com.tripgain.common.ExtantManager.getReportFilePath(ExtantManager.java:81)
at com.tripgain.common.ExtantManager.getReportFilePath(ExtantManager.java:81)
at com.tripgain.common.ExtantManager.getReportFilePath(ExtantManager.java:81)
at com.tripgain.common.ExtantManager.getReportFilePath(ExtantManager.java:81)
at com.tripgain.common.ExtantManager.getReportFilePath(ExtantManager.java:81)
at com.tripgain.common.ExtantManager.getReportFilePath(ExtantManager.java:81)
at com.tripgain.common.ExtantManager.getReportFilePath(ExtantManager.java:81)
at com.tripgain.common.ExtantManager.getReportFilePath(ExtantManager.java:81)
at com.tripgain.common.ExtantManager.getReportFilePath(ExtantManager.java:81)
at com.tripgain.common.ExtantManager.getReportFilePath(ExtantManager.java:81)
at com.tripgain.common.ExtantManager.getReportFilePath(ExtantManager.java:81)
at com.tripgain.common.ExtantManager.getReportFilePath(ExtantManager.java:81)
at com.tripgain.common.ExtantManager.getReportFilePath(ExtantManager.java:81)
at com.tripgain.common.ExtantManager.getReportFilePath(ExtantManager.java:81)
at com.tripgain.common.ExtantManager.getReportFilePath(ExtantManager.java:81)
at com.tripgain.common.ExtantManager.getReportFilePath(ExtantManager.java:81)
at com.tripgain.common.ExtantManager.getReportFilePath(ExtantManager.java:81)
at com.tripgain.common.ExtantManager.getReportFilePath(ExtantManager.java:81)
at com.tripgain.common.ExtantManager.getReportFilePath(ExtantManager.java:81)
at com.tripgain.common.ExtantManager.getReportFilePath(ExtantManager.java:81)
at com.tripgain.common.ExtantManager.getReportFilePath(ExtantManager.java:81)
at com.tripgain.common.ExtantManager.getReportFilePath(ExtantManager.java:81)
at com.tripgain.common.ExtantManager.getReportFilePath(ExtantManager.java:81)
at com.tripgain.common.ExtantManager.getReportFilePath(ExtantManager.java:81)
at com.tripgain.common.ExtantManager.getReportFilePath(ExtantManager.java:81)
at com.tripgain.common.ExtantManager.getReportFilePath(ExtantManager.java:81)
at com.tripgain.common.ExtantManager.getReportFilePath(ExtantManager.java:81)
at com.tripgain.common.ExtantManager.getReportFilePath(ExtantManager.java:81)
at com.tripgain.common.ExtantManager.getReportFilePath(ExtantManager.java:81)
at com.tripgain.common.ExtantManager.getReportFilePath(ExtantManager.java:81)
at com.tripgain.common.ExtantManager.getReportFilePath(ExtantManager.java:81)
at com.tripgain.common.ExtantManager.getReportFilePath(ExtantManager.java:81)
at com.tripgain.common.ExtantManager.getReportFilePath(ExtantManager.java:81)
at com.tripgain.common.ExtantManager.getReportFilePath(ExtantManager.java:81)
at com.tripgain.common.ExtantManager.getReportFilePath(ExtantManager.java:81)
at com.tripgain.common.ExtantManager.getReportFilePath(ExtantManager.java:81)
at com.tripgain.common.ExtantManager.getReportFilePath(ExtantManager.java:81)
at com.tripgain.common.ExtantManager.getReportFilePath(ExtantManager.java:81)
at com.tripgain.common.ExtantManager.getReportFilePath(ExtantManager.java:81)
at com.tripgain.common.ExtantManager.getReportFilePath(ExtantManager.java:81)
at com.tripgain.common.ExtantManager.getReportFilePath(ExtantManager.java:81)
at com.tripgain.common.ExtantManager.getReportFilePath(ExtantManager.java:81)
at com.tripgain.common.ExtantManager.getReportFilePath(ExtantManager.java:81)
at com.tripgain.common.ExtantManager.getReportFilePath(ExtantManager.java:81)
at com.tripgain.common.ExtantManager.getReportFilePath(ExtantManager.java:81)
at com.tripgain.common.ExtantManager.getReportFilePath(ExtantManager.java:81)
at com.tripgain.common.ExtantManager.getReportFilePath(ExtantManager.java:81)
at com.tripgain.common.ExtantManager.getReportFilePath(ExtantManager.java:81)
at com.tripgain.common.ExtantManager.getReportFilePath(ExtantManager.java:81)
at com.tripgain.common.ExtantManager.getReportFilePath(ExtantManager.java:81)
at com.tripgain.common.ExtantManager.getReportFilePath(ExtantManager.java:81)
at com.tripgain.common.ExtantManager.getReportFilePath(ExtantManager.java:81)
at com.tripgain.common.ExtantManager.getReportFilePath(ExtantManager.java:81)
at com.tripgain.common.ExtantManager.getReportFilePath(ExtantManager.java:81)
at com.tripgain.common.ExtantManager.getReportFilePath(ExtantManager.java:81)
at com.tripgain.common.ExtantManager.getReportFilePath(ExtantManager.java:81)
at com.tripgain.common.ExtantManager.getReportFilePath(ExtantManager.java:81)
at com.tripgain.common.ExtantManager.getReportFilePath(ExtantManager.java:81)
at com.tripgain.common.ExtantManager.getReportFilePath(ExtantManager.java:81)
at com.tripgain.common.ExtantManager.getReportFilePath(ExtantManager.java:81)
at com.tripgain.common.ExtantManager.getReportFilePath(ExtantManager.java:81)
at com.tripgain.common.ExtantManager.getReportFilePath(ExtantManager.java:81)
at com.tripgain.common.ExtantManager.getReportFilePath(ExtantManager.java:81)
at com.tripgain.common.ExtantManager.getReportFilePath(ExtantManager.java:81)
at com.tripgain.common.ExtantManager.getReportFilePath(ExtantManager.java:81)
at com.tripgain.common.ExtantManager.getReportFilePath(ExtantManager.java:81)
at com.tripgain.common.ExtantManager.getReportFilePath(ExtantManager.java:81)
at com.tripgain.common.ExtantManager.getReportFilePath(ExtantManager.java:81)
at com.tripgain.common.ExtantManager.getReportFilePath(ExtantManager.java:81)
at com.tripgain.common.ExtantManager.getReportFilePath(ExtantManager.java:81)
at com.tripgain.common.ExtantManager.getReportFilePath(ExtantManager.java:81)
at com.tripgain.common.ExtantManager.getReportFilePath(ExtantManager.java:81)
at com.tripgain.common.ExtantManager.getReportFilePath(ExtantManager.java:81)
at com.tripgain.common.ExtantManager.getReportFilePath(ExtantManager.java:81)
at com.tripgain.common.ExtantManager.getReportFilePath(ExtantManager.java:81)
at com.tripgain.common.ExtantManager.getReportFilePath(ExtantManager.java:81)
at com.tripgain.common.ExtantManager.getReportFilePath(ExtantManager.java:81)
at com.tripgain.common.ExtantManager.getReportFilePath(ExtantManager.java:81)
at com.tripgain.common.ExtantManager.getReportFilePath(ExtantManager.java:81)
at com.tripgain.common.ExtantManager.getReportFilePath(ExtantManager.java:81)
at com.tripgain.common.ExtantManager.getReportFilePath(ExtantManager.java:81)
at com.tripgain.common.ExtantManager.getReportFilePath(ExtantManager.java:81)
at com.tripgain.common.ExtantManager.getReportFilePath(ExtantManager.java:81)
at com.tripgain.common.ExtantManager.getReportFilePath(ExtantManager.java:81)
at com.tripgain.common.ExtantManager.getReportFilePath(ExtantManager.java:81)
at com.tripgain.common.ExtantManager.getReportFilePath(ExtantManager.java:81)
at com.tripgain.common.ExtantManager.getReportFilePath(ExtantManager.java:81)
at com.tripgain.common.ExtantManager.getReportFilePath(ExtantManager.java:81)
at com.tripgain.common.ExtantManager.getReportFilePath(ExtantManager.java:81)
at com.tripgain.common.ExtantManager.getReportFilePath(ExtantManager.java:81)
at com.tripgain.common.ExtantManager.getReportFilePath(ExtantManager.java:81)
at com.tripgain.common.ExtantManager.getReportFilePath(ExtantManager.java:81)
at com.tripgain.common.ExtantManager.getReportFilePath(ExtantManager.java:81)
at com.tripgain.common.ExtantManager.getReportFilePath(ExtantManager.java:81)
at com.tripgain.common.ExtantManager.getReportFilePath(ExtantManager.java:81)
at com.tripgain.common.ExtantManager.getReportFilePath(ExtantManager.java:81)
at com.tripgain.common.ExtantManager.getReportFilePath(ExtantManager.java:81)
at com.tripgain.common.ExtantManager.getReportFilePath(ExtantManager.java:81)
at com.tripgain.common.ExtantManager.getReportFilePath(ExtantManager.java:81)
at com.tripgain.common.ExtantManager.getReportFilePath(ExtantManager.java:81)
at com.tripgain.common.ExtantManager.getReportFilePath(ExtantManager.java:81)
at com.tripgain.common.ExtantManager.getReportFilePath(ExtantManager.java:81)
at com.tripgain.common.ExtantManager.getReportFilePath(ExtantManager.java:81)
at com.tripgain.common.ExtantManager.getReportFilePath(ExtantManager.java:81)
at com.tripgain.common.ExtantManager.getReportFilePath(ExtantManager.java:81)
at com.tripgain.common.ExtantManager.getReportFilePath(ExtantManager.java:81)
at com.tripgain.common.ExtantManager.getReportFilePath(ExtantManager.java:81)
at com.tripgain.common.ExtantManager.getReportFilePath(ExtantManager.java:81)
at com.tripgain.common.ExtantManager.getReportFilePath(ExtantManager.java:81)
at com.tripgain.common.ExtantManager.getReportFilePath(ExtantManager.java:81)
at com.tripgain.common.ExtantManager.getReportFilePath(ExtantManager.java:81)
at com.tripgain.common.ExtantManager.getReportFilePath(ExtantManager.java:81)
at com.tripgain.common.ExtantManager.getReportFilePath(ExtantManager.java:81)
at com.tripgain.common.ExtantManager.getReportFilePath(ExtantManager.java:81)
at com.tripgain.common.ExtantManager.getReportFilePath(ExtantManager.java:81)
at com.tripgain.common.ExtantManager.getReportFilePath(ExtantManager.java:81)
at com.tripgain.common.ExtantManager.getReportFilePath(ExtantManager.java:81)
at com.tripgain.common.ExtantManager.getReportFilePath(ExtantManager.java:81)
at com.tripgain.common.ExtantManager.getReportFilePath(ExtantManager.java:81)
at com.tripgain.common.ExtantManager.getReportFilePath(ExtantManager.java:81)
at com.tripgain.common.ExtantManager.getReportFilePath(ExtantManager.java:81)
at com.tripgain.common.ExtantManager.getReportFilePath(ExtantManager.java:81)
at com.tripgain.common.ExtantManager.getReportFilePath(ExtantManager.java:81)
at com.tripgain.common.ExtantManager.getReportFilePath(ExtantManager.java:81)
at com.tripgain.common.ExtantManager.getReportFilePath(ExtantManager.java:81)
at com.tripgain.common.ExtantManager.getReportFilePath(ExtantManager.java:81)
at com.tripgain.common.ExtantManager.getReportFilePath(ExtantManager.java:81)
at com.tripgain.common.ExtantManager.getReportFilePath(ExtantManager.java:81)
at com.tripgain.common.ExtantManager.getReportFilePath(ExtantManager.java:81)
at com.tripgain.common.ExtantManager.getReportFilePath(ExtantManager.java:81)
at com.tripgain.common.ExtantManager.getReportFilePath(ExtantManager.java:81)
at com.tripgain.common.ExtantManager.getReportFilePath(ExtantManager.java:81)
at com.tripgain.common.ExtantManager.getReportFilePath(ExtantManager.java:81)
at com.tripgain.common.ExtantManager.getReportFilePath(ExtantManager.java:81)
at com.tripgain.common.ExtantManager.getReportFilePath(ExtantManager.java:81)
at com.tripgain.common.ExtantManager.getReportFilePath(ExtantManager.java:81)
at com.tripgain.common.ExtantManager.getReportFilePath(ExtantManager.java:81)
at com.tripgain.common.ExtantManager.getReportFilePath(ExtantManager.java:81)
at com.tripgain.common.ExtantManager.getReportFilePath(ExtantManager.java:81)
at com.tripgain.common.ExtantManager.getReportFilePath(ExtantManager.java:81)
at com.tripgain.common.ExtantManager.getReportFilePath(ExtantManager.java:81)
at com.tripgain.common.ExtantManager.getReportFilePath(ExtantManager.java:81)
at com.tripgain.common.ExtantManager.getReportFilePath(ExtantManager.java:81)
at com.tripgain.common.ExtantManager.getReportFilePath(ExtantManager.java:81)
at com.tripgain.common.ExtantManager.getReportFilePath(ExtantManager.java:81)
at com.tripgain.common.ExtantManager.getReportFilePath(ExtantManager.java:81)
at com.tripgain.common.ExtantManager.getReportFilePath(ExtantManager.java:81)
at com.tripgain.common.ExtantManager.getReportFilePath(ExtantManager.java:81)
at com.tripgain.common.ExtantManager.getReportFilePath(ExtantManager.java:81)
at com.tripgain.common.ExtantManager.getReportFilePath(ExtantManager.java:81)
at com.tripgain.common.ExtantManager.getReportFilePath(ExtantManager.java:81)
at com.tripgain.common.ExtantManager.getReportFilePath(ExtantManager.java:81)
at com.tripgain.common.ExtantManager.getReportFilePath(ExtantManager.java:81)
at com.tripgain.common.ExtantManager.getReportFilePath(ExtantManager.java:81)
at com.tripgain.common.ExtantManager.getReportFilePath(ExtantManager.java:81)
at com.tripgain.common.ExtantManager.getReportFilePath(ExtantManager.java:81)
at com.tripgain.common.ExtantManager.getReportFilePath(ExtantManager.java:81)
at com.tripgain.common.ExtantManager.getReportFilePath(ExtantManager.java:81)
at com.tripgain.common.ExtantManager.getReportFilePath(ExtantManager.java:81)
at com.tripgain.common.ExtantManager.getReportFilePath(ExtantManager.java:81)
at com.tripgain.common.ExtantManager.getReportFilePath(ExtantManager.java:81)
at com.tripgain.common.ExtantManager.getReportFilePath(ExtantManager.java:81)
at com.tripgain.common.ExtantManager.getReportFilePath(ExtantManager.java:81)
at com.tripgain.common.ExtantManager.getReportFilePath(ExtantManager.java:81)
at com.tripgain.common.ExtantManager.getReportFilePath(ExtantManager.java:81)
at com.tripgain.common.ExtantManager.getReportFilePath(ExtantManager.java:81)
at com.tripgain.common.ExtantManager.getReportFilePath(ExtantManager.java:81)
at com.tripgain.common.ExtantManager.getReportFilePath(ExtantManager.java:81)
at com.tripgain.common.ExtantManager.getReportFilePath(ExtantManager.java:81)
at com.tripgain.common.ExtantManager.getReportFilePath(ExtantManager.java:81)
at com.tripgain.common.ExtantManager.getReportFilePath(ExtantManager.java:81)
at com.tripgain.common.ExtantManager.getReportFilePath(ExtantManager.java:81)
at com.tripgain.common.ExtantManager.getReportFilePath(ExtantManager.java:81)
at com.tripgain.common.ExtantManager.getReportFilePath(ExtantManager.java:81)
at com.tripgain.common.ExtantManager.getReportFilePath(ExtantManager.java:81)
at com.tripgain.common.ExtantManager.getReportFilePath(ExtantManager.java:81)
at com.tripgain.common.ExtantManager.getReportFilePath(ExtantManager.java:81)
at com.tripgain.common.ExtantManager.getReportFilePath(ExtantManager.java:81)
at com.tripgain.common.ExtantManager.getReportFilePath(ExtantManager.java:81)
at com.tripgain.common.ExtantManager.getReportFilePath(ExtantManager.java:81)
at com.tripgain.common.ExtantManager.getReportFilePath(ExtantManager.java:81)
at com.tripgain.common.ExtantManager.getReportFilePath(ExtantManager.java:81)
at com.tripgain.common.ExtantManager.getReportFilePath(ExtantManager.java:81)
at com.tripgain.common.ExtantManager.getReportFilePath(ExtantManager.java:81)
at com.tripgain.common.ExtantManager.getReportFilePath(ExtantManager.java:81)
at com.tripgain.common.ExtantManager.getReportFilePath(ExtantManager.java:81)
at com.tripgain.common.ExtantManager.getReportFilePath(ExtantManager.java:81)
at com.tripgain.common.ExtantManager.getReportFilePath(ExtantManager.java:81)
at com.tripgain.common.ExtantManager.getReportFilePath(ExtantManager.java:81)
at com.tripgain.common.ExtantManager.getReportFilePath(ExtantManager.java:81)
at com.tripgain.common.ExtantManager.getReportFilePath(ExtantManager.java:81)
at com.tripgain.common.ExtantManager.getReportFilePath(ExtantManager.java:81)
at com.tripgain.common.ExtantManager.getReportFilePath(ExtantManager.java:81)
at com.tripgain.common.ExtantManager.getReportFilePath(ExtantManager.java:81)
at com.tripgain.common.ExtantManager.getReportFilePath(ExtantManager.java:81)
at com.tripgain.common.ExtantManager.getReportFilePath(ExtantManager.java:81)
at com.tripgain.common.ExtantManager.getReportFilePath(ExtantManager.java:81)
at com.tripgain.common.ExtantManager.getReportFilePath(ExtantManager.java:81)
at com.tripgain.common.ExtantManager.getReportFilePath(ExtantManager.java:81)
at com.tripgain.common.ExtantManager.getReportFilePath(ExtantManager.java:81)
at com.tripgain.common.ExtantManager.getReportFilePath(ExtantManager.java:81)
at com.tripgain.common.ExtantManager.getReportFilePath(ExtantManager.java:81)
at com.tripgain.common.ExtantManager.getReportFilePath(ExtantManager.java:81)
at com.tripgain.common.ExtantManager.getReportFilePath(ExtantManager.java:81)
at com.tripgain.common.ExtantManager.getReportFilePath(ExtantManager.java:81)
at com.tripgain.common.ExtantManager.getReportFilePath(ExtantManager.java:81)
at com.tripgain.common.ExtantManager.getReportFilePath(ExtantManager.java:81)
at com.tripgain.common.ExtantManager.getReportFilePath(ExtantManager.java:81)
at com.tripgain.common.ExtantManager.getReportFilePath(ExtantManager.java:81)
at com.tripgain.common.ExtantManager.getReportFilePath(ExtantManager.java:81)
at com.tripgain.common.ExtantManager.getReportFilePath(ExtantManager.java:81)
at com.tripgain.common.ExtantManager.getReportFilePath(ExtantManager.java:81)
at com.tripgain.common.ExtantManager.getReportFilePath(ExtantManager.java:81)
at com.tripgain.common.ExtantManager.getReportFilePath(ExtantManager.java:81)
at com.tripgain.common.ExtantManager.getReportFilePath(ExtantManager.java:81)
at com.tripgain.common.ExtantManager.getReportFilePath(ExtantManager.java:81)
at com.tripgain.common.ExtantManager.getReportFilePath(ExtantManager.java:81)
at com.tripgain.common.ExtantManager.getReportFilePath(ExtantManager.java:81)
at com.tripgain.common.ExtantManager.getReportFilePath(ExtantManager.java:81)
at com.tripgain.common.ExtantManager.getReportFilePath(ExtantManager.java:81)
at com.tripgain.common.ExtantManager.getReportFilePath(ExtantManager.java:81)
at com.tripgain.common.ExtantManager.getReportFilePath(ExtantManager.java:81)
at com.tripgain.common.ExtantManager.getReportFilePath(ExtantManager.java:81)
at com.tripgain.common.ExtantManager.getReportFilePath(ExtantManager.java:81)
at com.tripgain.common.ExtantManager.getReportFilePath(ExtantManager.java:81)
at com.tripgain.common.ExtantManager.getReportFilePath(ExtantManager.java:81)
at com.tripgain.common.ExtantManager.getReportFilePath(ExtantManager.java:81)
at com.tripgain.common.ExtantManager.getReportFilePath(ExtantManager.java:81)
at com.tripgain.common.ExtantManager.getReportFilePath(ExtantManager.java:81)
at com.tripgain.common.ExtantManager.getReportFilePath(ExtantManager.java:81)
at com.tripgain.common.ExtantManager.getReportFilePath(ExtantManager.java:81)
at com.tripgain.common.ExtantManager.getReportFilePath(ExtantManager.java:81)
at com.tripgain.common.ExtantManager.getReportFilePath(ExtantManager.java:81)
]]>
            </full-stacktrace>
          </exception> <!-- java.lang.StackOverflowError -->
          <reporter-output>
          </reporter-output>
        </test-method> <!-- afterSuite -->
      </class> <!-- NewDesign_Hotels_Flights.TCND_1_verifyHotelsSearch1 -->
    </test> <!-- test1 -->
    <test started-at="2026-03-27T19:01:12 IST" name="test" finished-at="2026-03-27T19:01:36 IST" duration-ms="24602">
      <class name="NewDesign_Hotels_Flights.TCND_1_verifyHotelsSearch1">
        <test-method is-config="true" signature="launchApplication(java.lang.String,java.lang.reflect.Method,[Ljava.lang.Object;)[pri:0, instance:NewDesign_Hotels_Flights.TCND_1_verifyHotelsSearch1@7530ad9c]" started-at="2026-03-27T19:01:13 IST" name="launchApplication" finished-at="2026-03-27T19:01:20 IST" duration-ms="6612" status="PASS">
          <params>
            <param index="0">
              <value>
                <![CDATA[chrome]]>
              </value>
            </param>
            <param index="1">
              <value>
                <![CDATA[public void NewDesign_Hotels_Flights.TCND_1_verifyHotelsSearch1.myTest(java.util.Map) throws java.lang.InterruptedException,java.io.IOException,java.text.ParseException,java.util.concurrent.TimeoutException]]>
              </value>
            </param>
            <param index="2">
              <value>
                <![CDATA[[Ljava.lang.Object;@247d8ae]]>
              </value>
            </param>
          </params>
          <reporter-output>
          </reporter-output>
        </test-method> <!-- launchApplication -->
        <test-method signature="myTest(java.util.Map)[pri:0, instance:NewDesign_Hotels_Flights.TCND_1_verifyHotelsSearch1@7530ad9c]" started-at="2026-03-27T19:01:20 IST" name="myTest" data-provider="sheetBasedData" finished-at="2026-03-27T19:01:34 IST" duration-ms="14703" status="FAIL">
          <params>
            <param index="0">
              <value>
                <![CDATA[{Origin=kengeri, Status=Approve, UserName=testtraveller98@tripgain.com, Status2=Reject, TravellerSearchValue2=testfinance98@tripgain.com, Password1=@AM@TGA1$29TN, HotelIndex=2, TravellerSearchValue=testtraveller98@tripgain.com, UserName1=automation@tga.com, SearchBy=Email, URL=https://neo.tripgain.com/login, Remarks=test, TestRun=, SearchValue=testapprover98@tripgain.com, Password=@AM@TGA1$29TN}]]>
              </value>
            </param>
          </params>
          <exception class="java.lang.AssertionError">
            <message>
              <![CDATA[Exception occurred: org.openqa.selenium.JavascriptException: javascript error: arguments[0].click is not a function
  (Session info: chrome=120.0.6099.110)
Build info: version: '4.18.1', revision: 'b1d3319b48'
System info: os.name: 'Windows 11', os.arch: 'amd64', os.version: '10.0', java.version: '21.0.7'
Driver info: org.openqa.selenium.chrome.ChromeDriver
Command: [e96753508692600b7a12851fc3fc1d2d, executeScript {args=[{element-6066-11e4-a52e-4f735466cecf=33CBB835FC990BD914B38D1F6AA4452A_element_162}], script=arguments[0].click();}]
Capabilities {acceptInsecureCerts: false, browserName: chrome, browserVersion: 120.0.6099.110, chrome: {chromedriverVersion: 120.0.6099.109 (3419140ab66..., userDataDir: C:\Users\LENOVO\AppData\Loc...}, fedcm:accounts: true, goog:chromeOptions: {debuggerAddress: localhost:51094}, networkConnectionEnabled: false, pageLoadStrategy: normal, platformName: windows, proxy: Proxy(), se:cdp: ws://localhost:51094/devtoo..., se:cdpVersion: 120.0.6099.110, setWindowRect: true, strictFileInteractability: false, timeouts: {implicit: 0, pageLoad: 300000, script: 30000}, unhandledPromptBehavior: dismiss and notify, webauthn:extension:credBlob: true, webauthn:extension:largeBlob: true, webauthn:extension:minPinLength: true, webauthn:extension:prf: true, webauthn:virtualAuthenticators: true}
Session ID: e96753508692600b7a12851fc3fc1d2d]]>
            </message>
            <full-stacktrace>
              <![CDATA[java.lang.AssertionError: Exception occurred: org.openqa.selenium.JavascriptException: javascript error: arguments[0].click is not a function
  (Session info: chrome=120.0.6099.110)
Build info: version: '4.18.1', revision: 'b1d3319b48'
System info: os.name: 'Windows 11', os.arch: 'amd64', os.version: '10.0', java.version: '21.0.7'
Driver info: org.openqa.selenium.chrome.ChromeDriver
Command: [e96753508692600b7a12851fc3fc1d2d, executeScript {args=[{element-6066-11e4-a52e-4f735466cecf=33CBB835FC990BD914B38D1F6AA4452A_element_162}], script=arguments[0].click();}]
Capabilities {acceptInsecureCerts: false, browserName: chrome, browserVersion: 120.0.6099.110, chrome: {chromedriverVersion: 120.0.6099.109 (3419140ab66..., userDataDir: C:\Users\LENOVO\AppData\Loc...}, fedcm:accounts: true, goog:chromeOptions: {debuggerAddress: localhost:51094}, networkConnectionEnabled: false, pageLoadStrategy: normal, platformName: windows, proxy: Proxy(), se:cdp: ws://localhost:51094/devtoo..., se:cdpVersion: 120.0.6099.110, setWindowRect: true, strictFileInteractability: false, timeouts: {implicit: 0, pageLoad: 300000, script: 30000}, unhandledPromptBehavior: dismiss and notify, webauthn:extension:credBlob: true, webauthn:extension:largeBlob: true, webauthn:extension:minPinLength: true, webauthn:extension:prf: true, webauthn:virtualAuthenticators: true}
Session ID: e96753508692600b7a12851fc3fc1d2d
at org.testng.Assert.fail(Assert.java:111)
at NewDesign_Hotels_Flights.TCND_1_verifyHotelsSearch1.myTest(TCND_1_verifyHotelsSearch1.java:439)
at java.base/jdk.internal.reflect.DirectMethodHandleAccessor.invoke(DirectMethodHandleAccessor.java:103)
at java.base/java.lang.reflect.Method.invoke(Method.java:580)
at org.testng.internal.invokers.MethodInvocationHelper.invokeMethod(MethodInvocationHelper.java:141)
at org.testng.internal.invokers.TestInvoker.invokeMethod(TestInvoker.java:687)
at org.testng.internal.invokers.TestInvoker.invokeTestMethod(TestInvoker.java:230)
at org.testng.internal.invokers.MethodRunner.runInSequence(MethodRunner.java:63)
at org.testng.internal.invokers.TestInvoker$MethodInvocationAgent.invoke(TestInvoker.java:995)
at org.testng.internal.invokers.TestInvoker.invokeTestMethods(TestInvoker.java:203)
at org.testng.internal.invokers.TestMethodWorker.invokeTestMethods(TestMethodWorker.java:154)
at org.testng.internal.invokers.TestMethodWorker.run(TestMethodWorker.java:134)
at java.base/java.util.ArrayList.forEach(ArrayList.java:1596)
at org.testng.TestRunner.privateRun(TestRunner.java:741)
at org.testng.TestRunner.run(TestRunner.java:616)
at org.testng.SuiteRunner.runTest(SuiteRunner.java:421)
at org.testng.SuiteRunner$SuiteWorker.run(SuiteRunner.java:463)
at org.testng.internal.thread.ThreadUtil.lambda$execute$0(ThreadUtil.java:64)
at java.base/java.util.concurrent.FutureTask.run(FutureTask.java:317)
at java.base/java.util.concurrent.ThreadPoolExecutor.runWorker(ThreadPoolExecutor.java:1144)
at java.base/java.util.concurrent.ThreadPoolExecutor$Worker.run(ThreadPoolExecutor.java:642)
at java.base/java.lang.Thread.run(Thread.java:1583)
]]>
            </full-stacktrace>
          </exception> <!-- java.lang.AssertionError -->
          <reporter-output>
          </reporter-output>
        </test-method> <!-- myTest -->
        <test-method is-config="true" signature="tearDown()[pri:0, instance:NewDesign_Hotels_Flights.TCND_1_verifyHotelsSearch1@7530ad9c]" started-at="2026-03-27T19:01:34 IST" name="tearDown" finished-at="2026-03-27T19:01:36 IST" duration-ms="1932" status="PASS">
          <reporter-output>
          </reporter-output>
        </test-method> <!-- tearDown -->
      </class> <!-- NewDesign_Hotels_Flights.TCND_1_verifyHotelsSearch1 -->
    </test> <!-- test -->
  </suite> <!-- Suite -->
</testng-results>
