<?xml version="1.0" encoding="UTF-8"?>
<!-- Generated by org.testng.reporters.JUnitReportReporter -->
<testsuite hostname="DESKTOP-SEE9OFQ" failures="1" tests="1" name="PhilipsCorp_Travel_Testing.Ph_13_Philips_Trips_Flights_Oneway_Domestic_Before7days" time="100.368" errors="0" timestamp="2026-02-14T21:53:58 IST" skipped="0">
  <testcase classname="PhilipsCorp_Travel_Testing.Ph_13_Philips_Trips_Flights_Oneway_Domestic_Before7days" name="myTest" time="100.368">
    <failure message="Exception in clickOnSelectBasedOnFareType: element click intercepted: Element &lt;button type=&quot;button&quot; class=&quot;
          tg-icon-btn
          tg-icon-btn_secondary-outlined
          tg-icon-btn_md
          
          tg-fare-select-btn false
        &quot; data-tgflbutton=&quot;Flexi&quot;&gt;...&lt;/button&gt; is not clickable at point (1141, 526). Other element would receive the click: &lt;div class=&quot;MuiPaper-root MuiPaper-elevation MuiPaper-rounded MuiPaper-elevation24 MuiDialog-paper MuiDialog-paperScrollPaper MuiDialog-paperWidthSm css-si425x&quot; role=&quot;dialog&quot; aria-describedby=&quot;alert-dialog-description&quot; aria-labelledby=&quot;confirm-dialog-title&quot; aria-modal=&quot;true&quot; style=&quot;--Paper-shadow: 0px 11px 15px -7px rgba(0,0,0,0.2),0px 24px 38px 3px rgba(0,0,0,0.14),0px 9px 46px 8px rgba(0,0,0,0.12);&quot;&gt;...&lt;/div&gt;
  (Session info: chrome=120.0.6099.110)
Build info: version: &#039;4.18.1&#039;, revision: &#039;b1d3319b48&#039;
System info: os.name: &#039;Windows 11&#039;, os.arch: &#039;amd64&#039;, os.version: &#039;10.0&#039;, java.version: &#039;21.0.7&#039;
Driver info: org.openqa.selenium.chrome.ChromeDriver
Command: [451a8cc3b3ce2015325ba94334e34e71, clickElement {id=EF173F237FC4678D3FCEBBEEE4E9EC92_element_670}]
Capabilities {acceptInsecureCerts: false, browserName: chrome, browserVersion: 120.0.6099.110, chrome: {chromedriverVersion: 120.0.6099.109 (3419140ab66..., userDataDir: C:\Users\LENOVO\AppData\Loc...}, fedcm:accounts: true, goog:chromeOptions: {debuggerAddress: localhost:51837}, networkConnectionEnabled: false, pageLoadStrategy: normal, platformName: windows, proxy: Proxy(), se:cdp: ws://localhost:51837/devtoo..., se:cdpVersion: 120.0.6099.110, setWindowRect: true, strictFileInteractability: false, timeouts: {implicit: 0, pageLoad: 300000, script: 30000}, unhandledPromptBehavior: dismiss and notify, webauthn:extension:credBlob: true, webauthn:extension:largeBlob: true, webauthn:extension:minPinLength: true, webauthn:extension:prf: true, webauthn:virtualAuthenticators: true}
Element: [[ChromeDriver: chrome on windows (451a8cc3b3ce2015325ba94334e34e71)] -&gt; xpath: //div[contains(@class,&#039;tg-fare-type&#039;) and text()=&#039;Flexi&#039;]/parent::div/parent::div/following-sibling::div[@class=&#039;action&#039;]//button]
Session ID: 451a8cc3b3ce2015325ba94334e34e71" type="java.lang.AssertionError">
      <![CDATA[java.lang.AssertionError: Exception in clickOnSelectBasedOnFareType: element click intercepted: Element <button type="button" class="
          tg-icon-btn
          tg-icon-btn_secondary-outlined
          tg-icon-btn_md
          
          tg-fare-select-btn false
        " data-tgflbutton="Flexi">...</button> is not clickable at point (1141, 526). Other element would receive the click: <div class="MuiPaper-root MuiPaper-elevation MuiPaper-rounded MuiPaper-elevation24 MuiDialog-paper MuiDialog-paperScrollPaper MuiDialog-paperWidthSm css-si425x" role="dialog" aria-describedby="alert-dialog-description" aria-labelledby="confirm-dialog-title" aria-modal="true" style="--Paper-shadow: 0px 11px 15px -7px rgba(0,0,0,0.2),0px 24px 38px 3px rgba(0,0,0,0.14),0px 9px 46px 8px rgba(0,0,0,0.12);">...</div>
  (Session info: chrome=120.0.6099.110)
Build info: version: '4.18.1', revision: 'b1d3319b48'
System info: os.name: 'Windows 11', os.arch: 'amd64', os.version: '10.0', java.version: '21.0.7'
Driver info: org.openqa.selenium.chrome.ChromeDriver
Command: [451a8cc3b3ce2015325ba94334e34e71, clickElement {id=EF173F237FC4678D3FCEBBEEE4E9EC92_element_670}]
Capabilities {acceptInsecureCerts: false, browserName: chrome, browserVersion: 120.0.6099.110, chrome: {chromedriverVersion: 120.0.6099.109 (3419140ab66..., userDataDir: C:\Users\LENOVO\AppData\Loc...}, fedcm:accounts: true, goog:chromeOptions: {debuggerAddress: localhost:51837}, networkConnectionEnabled: false, pageLoadStrategy: normal, platformName: windows, proxy: Proxy(), se:cdp: ws://localhost:51837/devtoo..., se:cdpVersion: 120.0.6099.110, setWindowRect: true, strictFileInteractability: false, timeouts: {implicit: 0, pageLoad: 300000, script: 30000}, unhandledPromptBehavior: dismiss and notify, webauthn:extension:credBlob: true, webauthn:extension:largeBlob: true, webauthn:extension:minPinLength: true, webauthn:extension:prf: true, webauthn:virtualAuthenticators: true}
Element: [[ChromeDriver: chrome on windows (451a8cc3b3ce2015325ba94334e34e71)] -> xpath: //div[contains(@class,'tg-fare-type') and text()='Flexi']/parent::div/parent::div/following-sibling::div[@class='action']//button]
Session ID: 451a8cc3b3ce2015325ba94334e34e71
at org.testng.Assert.fail(Assert.java:111)
at com.tripgain.collectionofpages.Tripgain_HomePage_Flights.handleBackendOrGenericFailure(Tripgain_HomePage_Flights.java:2167)
at com.tripgain.collectionofpages.Tripgain_HomePage_Flights.clickOnSelectBasedOnFareType(Tripgain_HomePage_Flights.java:2117)
at PhilipsCorp_Travel_Testing.Ph_13_Philips_Trips_Flights_Oneway_Domestic_Before7days.myTest(Ph_13_Philips_Trips_Flights_Oneway_Domestic_Before7days.java:224)
at java.base/jdk.internal.reflect.DirectMethodHandleAccessor.invoke(DirectMethodHandleAccessor.java:103)
at java.base/java.lang.reflect.Method.invoke(Method.java:580)
at org.testng.internal.invokers.MethodInvocationHelper.invokeMethod(MethodInvocationHelper.java:141)
at org.testng.internal.invokers.TestInvoker.invokeMethod(TestInvoker.java:687)
at org.testng.internal.invokers.TestInvoker.invokeTestMethod(TestInvoker.java:230)
at org.testng.internal.invokers.MethodRunner.runInSequence(MethodRunner.java:63)
at org.testng.internal.invokers.TestInvoker$MethodInvocationAgent.invoke(TestInvoker.java:995)
at org.testng.internal.invokers.TestInvoker.invokeTestMethods(TestInvoker.java:203)
at org.testng.internal.invokers.TestMethodWorker.invokeTestMethods(TestMethodWorker.java:154)
at org.testng.internal.invokers.TestMethodWorker.run(TestMethodWorker.java:134)
at java.base/java.util.ArrayList.forEach(ArrayList.java:1596)
at org.testng.TestRunner.privateRun(TestRunner.java:741)
at org.testng.TestRunner.run(TestRunner.java:616)
at org.testng.SuiteRunner.runTest(SuiteRunner.java:421)
at org.testng.SuiteRunner$SuiteWorker.run(SuiteRunner.java:463)
at org.testng.internal.thread.ThreadUtil.lambda$execute$0(ThreadUtil.java:64)
at java.base/java.util.concurrent.FutureTask.run(FutureTask.java:317)
at java.base/java.util.concurrent.ThreadPoolExecutor.runWorker(ThreadPoolExecutor.java:1144)
at java.base/java.util.concurrent.ThreadPoolExecutor$Worker.run(ThreadPoolExecutor.java:642)
at java.base/java.lang.Thread.run(Thread.java:1583)
]]>
    </failure>
  </testcase> <!-- myTest -->
</testsuite> <!-- PhilipsCorp_Travel_Testing.Ph_13_Philips_Trips_Flights_Oneway_Domestic_Before7days -->
